{"C:\\Users\\jonatas filipe\\Desktop\\ABP_4DSM\\frontend\\declarations.d.ts": {"path":"C:\\Users\\jonatas filipe\\Desktop\\ABP_4DSM\\frontend\\declarations.d.ts","statementMap":{},"fnMap":{},"branchMap":{},"s":{},"f":{},"b":{}}
,"C:\\Users\\jonatas filipe\\Desktop\\ABP_4DSM\\frontend\\index.ts": {"path":"C:\\Users\\jonatas filipe\\Desktop\\ABP_4DSM\\frontend\\index.ts","statementMap":{"0":{"start":{"line":7,"column":0},"end":{"line":7,"column":27}}},"fnMap":{},"branchMap":{},"s":{"0":0},"f":{},"b":{}}
,"C:\\Users\\jonatas filipe\\Desktop\\ABP_4DSM\\frontend\\src\\App.tsx": {"path":"C:\\Users\\jonatas filipe\\Desktop\\ABP_4DSM\\frontend\\src\\App.tsx","statementMap":{"0":{"start":{"line":6,"column":2},"end":{"line":10,"column":4}}},"fnMap":{"0":{"name":"App","decl":{"start":{"line":5,"column":24},"end":{"line":5,"column":27}},"loc":{"start":{"line":5,"column":30},"end":{"line":11,"column":1}},"line":5}},"branchMap":{},"s":{"0":0},"f":{"0":0},"b":{}}
,"C:\\Users\\jonatas filipe\\Desktop\\ABP_4DSM\\frontend\\src\\components\\Collapsible.tsx": {"path":"C:\\Users\\jonatas filipe\\Desktop\\ABP_4DSM\\frontend\\src\\components\\Collapsible.tsx","statementMap":{"0":{"start":{"line":11,"column":30},"end":{"line":11,"column":45}},"1":{"start":{"line":12,"column":16},"end":{"line":12,"column":43}},"2":{"start":{"line":14,"column":2},"end":{"line":32,"column":4}},"3":{"start":{"line":18,"column":23},"end":{"line":18,"column":51}},"4":{"start":{"line":18,"column":44},"end":{"line":18,"column":50}},"5":{"start":{"line":35,"column":15},"end":{"line":45,"column":2}}},"fnMap":{"0":{"name":"Collapsible","decl":{"start":{"line":10,"column":16},"end":{"line":10,"column":27}},"loc":{"start":{"line":10,"column":88},"end":{"line":33,"column":1}},"line":10},"1":{"name":"(anonymous_1)","decl":{"start":{"line":18,"column":17},"end":{"line":18,"column":18}},"loc":{"start":{"line":18,"column":23},"end":{"line":18,"column":51}},"line":18},"2":{"name":"(anonymous_2)","decl":{"start":{"line":18,"column":33},"end":{"line":18,"column":34}},"loc":{"start":{"line":18,"column":44},"end":{"line":18,"column":50}},"line":18}},"branchMap":{"0":{"loc":{"start":{"line":12,"column":16},"end":{"line":12,"column":43}},"type":"binary-expr","locations":[{"start":{"line":12,"column":16},"end":{"line":12,"column":32}},{"start":{"line":12,"column":36},"end":{"line":12,"column":43}}],"line":12},"1":{"loc":{"start":{"line":24,"column":17},"end":{"line":24,"column":73}},"type":"cond-expr","locations":[{"start":{"line":24,"column":37},"end":{"line":24,"column":54}},{"start":{"line":24,"column":57},"end":{"line":24,"column":73}}],"line":24},"2":{"loc":{"start":{"line":25,"column":41},"end":{"line":25,"column":66}},"type":"cond-expr","locations":[{"start":{"line":25,"column":50},"end":{"line":25,"column":57}},{"start":{"line":25,"column":60},"end":{"line":25,"column":66}}],"line":25},"3":{"loc":{"start":{"line":30,"column":7},"end":{"line":30,"column":75}},"type":"binary-expr","locations":[{"start":{"line":30,"column":7},"end":{"line":30,"column":13}},{"start":{"line":30,"column":17},"end":{"line":30,"column":75}}],"line":30}},"s":{"0":0,"1":0,"2":0,"3":0,"4":0,"5":0},"f":{"0":0,"1":0,"2":0},"b":{"0":[0,0],"1":[0,0],"2":[0,0],"3":[0,0]}}
,"C:\\Users\\jonatas filipe\\Desktop\\ABP_4DSM\\frontend\\src\\components\\ExternalLink.tsx": {"path":"C:\\Users\\jonatas filipe\\Desktop\\ABP_4DSM\\frontend\\src\\components\\ExternalLink.tsx","statementMap":{"0":{"start":{"line":9,"column":2},"end":{"line":21,"column":4}},"1":{"start":{"line":15,"column":8},"end":{"line":18,"column":9}},"2":{"start":{"line":16,"column":10},"end":{"line":16,"column":33}},"3":{"start":{"line":17,"column":10},"end":{"line":17,"column":39}}},"fnMap":{"0":{"name":"ExternalLink","decl":{"start":{"line":8,"column":16},"end":{"line":8,"column":28}},"loc":{"start":{"line":8,"column":55},"end":{"line":22,"column":1}},"line":8},"1":{"name":"(anonymous_1)","decl":{"start":{"line":14,"column":15},"end":{"line":14,"column":16}},"loc":{"start":{"line":14,"column":32},"end":{"line":19,"column":7}},"line":14}},"branchMap":{"0":{"loc":{"start":{"line":15,"column":8},"end":{"line":18,"column":9}},"type":"if","locations":[{"start":{"line":15,"column":8},"end":{"line":18,"column":9}},{"start":{},"end":{}}],"line":15}},"s":{"0":0,"1":0,"2":0,"3":0},"f":{"0":0,"1":0},"b":{"0":[0,0]}}
,"C:\\Users\\jonatas filipe\\Desktop\\ABP_4DSM\\frontend\\src\\components\\HapticTab.tsx": {"path":"C:\\Users\\jonatas filipe\\Desktop\\ABP_4DSM\\frontend\\src\\components\\HapticTab.tsx","statementMap":{"0":{"start":{"line":6,"column":2},"end":{"line":17,"column":4}},"1":{"start":{"line":10,"column":8},"end":{"line":13,"column":9}},"2":{"start":{"line":12,"column":10},"end":{"line":12,"column":65}},"3":{"start":{"line":14,"column":8},"end":{"line":14,"column":30}}},"fnMap":{"0":{"name":"HapticTab","decl":{"start":{"line":5,"column":16},"end":{"line":5,"column":25}},"loc":{"start":{"line":5,"column":58},"end":{"line":18,"column":1}},"line":5},"1":{"name":"(anonymous_1)","decl":{"start":{"line":9,"column":17},"end":{"line":9,"column":18}},"loc":{"start":{"line":9,"column":25},"end":{"line":15,"column":7}},"line":9}},"branchMap":{"0":{"loc":{"start":{"line":10,"column":8},"end":{"line":13,"column":9}},"type":"if","locations":[{"start":{"line":10,"column":8},"end":{"line":13,"column":9}},{"start":{},"end":{}}],"line":10}},"s":{"0":0,"1":0,"2":0,"3":0},"f":{"0":0,"1":0},"b":{"0":[0,0]}}
,"C:\\Users\\jonatas filipe\\Desktop\\ABP_4DSM\\frontend\\src\\components\\HelloWave.tsx": {"path":"C:\\Users\\jonatas filipe\\Desktop\\ABP_4DSM\\frontend\\src\\components\\HelloWave.tsx","statementMap":{"0":{"start":{"line":14,"column":28},"end":{"line":14,"column":45}},"1":{"start":{"line":16,"column":2},"end":{"line":21,"column":9}},"2":{"start":{"line":17,"column":4},"end":{"line":20,"column":6}},"3":{"start":{"line":23,"column":24},"end":{"line":25,"column":5}},"4":{"start":{"line":23,"column":48},"end":{"line":25,"column":3}},"5":{"start":{"line":27,"column":2},"end":{"line":31,"column":4}},"6":{"start":{"line":34,"column":15},"end":{"line":40,"column":2}}},"fnMap":{"0":{"name":"HelloWave","decl":{"start":{"line":13,"column":16},"end":{"line":13,"column":25}},"loc":{"start":{"line":13,"column":28},"end":{"line":32,"column":1}},"line":13},"1":{"name":"(anonymous_1)","decl":{"start":{"line":16,"column":12},"end":{"line":16,"column":13}},"loc":{"start":{"line":16,"column":18},"end":{"line":21,"column":3}},"line":16},"2":{"name":"(anonymous_2)","decl":{"start":{"line":23,"column":41},"end":{"line":23,"column":42}},"loc":{"start":{"line":23,"column":48},"end":{"line":25,"column":3}},"line":23}},"branchMap":{},"s":{"0":0,"1":0,"2":0,"3":0,"4":0,"5":0,"6":0},"f":{"0":0,"1":0,"2":0},"b":{}}
,"C:\\Users\\jonatas filipe\\Desktop\\ABP_4DSM\\frontend\\src\\components\\LeafletMap.tsx": {"path":"C:\\Users\\jonatas filipe\\Desktop\\ABP_4DSM\\frontend\\src\\components\\LeafletMap.tsx","statementMap":{},"fnMap":{},"branchMap":{},"s":{},"f":{},"b":{}}
,"C:\\Users\\jonatas filipe\\Desktop\\ABP_4DSM\\frontend\\src\\components\\ParallaxScrollView.tsx": {"path":"C:\\Users\\jonatas filipe\\Desktop\\ABP_4DSM\\frontend\\src\\components\\ParallaxScrollView.tsx","statementMap":{"0":{"start":{"line":14,"column":22},"end":{"line":14,"column":25}},"1":{"start":{"line":26,"column":22},"end":{"line":26,"column":49}},"2":{"start":{"line":27,"column":20},"end":{"line":27,"column":57}},"3":{"start":{"line":28,"column":23},"end":{"line":28,"column":53}},"4":{"start":{"line":29,"column":17},"end":{"line":29,"column":39}},"5":{"start":{"line":30,"column":30},"end":{"line":45,"column":4}},"6":{"start":{"line":31,"column":4},"end":{"line":44,"column":6}},"7":{"start":{"line":47,"column":2},"end":{"line":65,"column":4}},"8":{"start":{"line":68,"column":15},"end":{"line":82,"column":2}}},"fnMap":{"0":{"name":"ParallaxScrollView","decl":{"start":{"line":21,"column":24},"end":{"line":21,"column":42}},"loc":{"start":{"line":25,"column":10},"end":{"line":66,"column":1}},"line":25},"1":{"name":"(anonymous_1)","decl":{"start":{"line":30,"column":47},"end":{"line":30,"column":48}},"loc":{"start":{"line":30,"column":53},"end":{"line":45,"column":3}},"line":30}},"branchMap":{"0":{"loc":{"start":{"line":26,"column":22},"end":{"line":26,"column":49}},"type":"binary-expr","locations":[{"start":{"line":26,"column":22},"end":{"line":26,"column":38}},{"start":{"line":26,"column":42},"end":{"line":26,"column":49}}],"line":26}},"s":{"0":0,"1":0,"2":0,"3":0,"4":0,"5":0,"6":0,"7":0,"8":0},"f":{"0":0,"1":0},"b":{"0":[0,0]}}
,"C:\\Users\\jonatas filipe\\Desktop\\ABP_4DSM\\frontend\\src\\components\\ThemedText.tsx": {"path":"C:\\Users\\jonatas filipe\\Desktop\\ABP_4DSM\\frontend\\src\\components\\ThemedText.tsx","statementMap":{"0":{"start":{"line":18,"column":16},"end":{"line":18,"column":77}},"1":{"start":{"line":20,"column":2},"end":{"line":33,"column":4}},"2":{"start":{"line":36,"column":15},"end":{"line":60,"column":2}}},"fnMap":{"0":{"name":"ThemedText","decl":{"start":{"line":11,"column":16},"end":{"line":11,"column":26}},"loc":{"start":{"line":17,"column":20},"end":{"line":34,"column":1}},"line":17}},"branchMap":{"0":{"loc":{"start":{"line":15,"column":2},"end":{"line":15,"column":18}},"type":"default-arg","locations":[{"start":{"line":15,"column":9},"end":{"line":15,"column":18}}],"line":15},"1":{"loc":{"start":{"line":24,"column":8},"end":{"line":24,"column":55}},"type":"cond-expr","locations":[{"start":{"line":24,"column":29},"end":{"line":24,"column":43}},{"start":{"line":24,"column":46},"end":{"line":24,"column":55}}],"line":24},"2":{"loc":{"start":{"line":25,"column":8},"end":{"line":25,"column":51}},"type":"cond-expr","locations":[{"start":{"line":25,"column":27},"end":{"line":25,"column":39}},{"start":{"line":25,"column":42},"end":{"line":25,"column":51}}],"line":25},"3":{"loc":{"start":{"line":26,"column":8},"end":{"line":26,"column":71}},"type":"cond-expr","locations":[{"start":{"line":26,"column":37},"end":{"line":26,"column":59}},{"start":{"line":26,"column":62},"end":{"line":26,"column":71}}],"line":26},"4":{"loc":{"start":{"line":27,"column":8},"end":{"line":27,"column":57}},"type":"cond-expr","locations":[{"start":{"line":27,"column":30},"end":{"line":27,"column":45}},{"start":{"line":27,"column":48},"end":{"line":27,"column":57}}],"line":27},"5":{"loc":{"start":{"line":28,"column":8},"end":{"line":28,"column":49}},"type":"cond-expr","locations":[{"start":{"line":28,"column":26},"end":{"line":28,"column":37}},{"start":{"line":28,"column":40},"end":{"line":28,"column":49}}],"line":28}},"s":{"0":0,"1":0,"2":0},"f":{"0":0},"b":{"0":[0],"1":[0,0],"2":[0,0],"3":[0,0],"4":[0,0],"5":[0,0]}}
,"C:\\Users\\jonatas filipe\\Desktop\\ABP_4DSM\\frontend\\src\\components\\ThemedView.tsx": {"path":"C:\\Users\\jonatas filipe\\Desktop\\ABP_4DSM\\frontend\\src\\components\\ThemedView.tsx","statementMap":{"0":{"start":{"line":11,"column":26},"end":{"line":11,"column":93}},"1":{"start":{"line":13,"column":2},"end":{"line":13,"column":71}}},"fnMap":{"0":{"name":"ThemedView","decl":{"start":{"line":10,"column":16},"end":{"line":10,"column":26}},"loc":{"start":{"line":10,"column":93},"end":{"line":14,"column":1}},"line":10}},"branchMap":{},"s":{"0":0,"1":0},"f":{"0":0},"b":{}}
,"C:\\Users\\jonatas filipe\\Desktop\\ABP_4DSM\\frontend\\src\\components\\ui\\IconSymbol.ios.tsx": {"path":"C:\\Users\\jonatas filipe\\Desktop\\ABP_4DSM\\frontend\\src\\components\\ui\\IconSymbol.ios.tsx","statementMap":{"0":{"start":{"line":17,"column":2},"end":{"line":31,"column":4}}},"fnMap":{"0":{"name":"IconSymbol","decl":{"start":{"line":4,"column":16},"end":{"line":4,"column":26}},"loc":{"start":{"line":16,"column":3},"end":{"line":32,"column":1}},"line":16}},"branchMap":{"0":{"loc":{"start":{"line":6,"column":2},"end":{"line":6,"column":11}},"type":"default-arg","locations":[{"start":{"line":6,"column":9},"end":{"line":6,"column":11}}],"line":6},"1":{"loc":{"start":{"line":9,"column":2},"end":{"line":9,"column":20}},"type":"default-arg","locations":[{"start":{"line":9,"column":11},"end":{"line":9,"column":20}}],"line":9}},"s":{"0":0},"f":{"0":0},"b":{"0":[0],"1":[0]}}
,"C:\\Users\\jonatas filipe\\Desktop\\ABP_4DSM\\frontend\\src\\components\\ui\\IconSymbol.tsx": {"path":"C:\\Users\\jonatas filipe\\Desktop\\ABP_4DSM\\frontend\\src\\components\\ui\\IconSymbol.tsx","statementMap":{"0":{"start":{"line":9,"column":16},"end":{"line":21,"column":1}},"1":{"start":{"line":42,"column":2},"end":{"line":42,"column":88}}},"fnMap":{"0":{"name":"IconSymbol","decl":{"start":{"line":30,"column":16},"end":{"line":30,"column":26}},"loc":{"start":{"line":41,"column":3},"end":{"line":43,"column":1}},"line":41}},"branchMap":{"0":{"loc":{"start":{"line":32,"column":2},"end":{"line":32,"column":11}},"type":"default-arg","locations":[{"start":{"line":32,"column":9},"end":{"line":32,"column":11}}],"line":32}},"s":{"0":0,"1":0},"f":{"0":0},"b":{"0":[0]}}
,"C:\\Users\\jonatas filipe\\Desktop\\ABP_4DSM\\frontend\\src\\components\\ui\\TabBarBackground.ios.tsx": {"path":"C:\\Users\\jonatas filipe\\Desktop\\ABP_4DSM\\frontend\\src\\components\\ui\\TabBarBackground.ios.tsx","statementMap":{"0":{"start":{"line":7,"column":2},"end":{"line":15,"column":4}},"1":{"start":{"line":19,"column":20},"end":{"line":19,"column":43}},"2":{"start":{"line":20,"column":21},"end":{"line":20,"column":40}},"3":{"start":{"line":21,"column":2},"end":{"line":21,"column":28}}},"fnMap":{"0":{"name":"BlurTabBarBackground","decl":{"start":{"line":6,"column":24},"end":{"line":6,"column":44}},"loc":{"start":{"line":6,"column":47},"end":{"line":16,"column":1}},"line":6},"1":{"name":"useBottomTabOverflow","decl":{"start":{"line":18,"column":16},"end":{"line":18,"column":36}},"loc":{"start":{"line":18,"column":39},"end":{"line":22,"column":1}},"line":18}},"branchMap":{},"s":{"0":0,"1":0,"2":0,"3":0},"f":{"0":0,"1":0},"b":{}}
,"C:\\Users\\jonatas filipe\\Desktop\\ABP_4DSM\\frontend\\src\\components\\ui\\TabBarBackground.tsx": {"path":"C:\\Users\\jonatas filipe\\Desktop\\ABP_4DSM\\frontend\\src\\components\\ui\\TabBarBackground.tsx","statementMap":{"0":{"start":{"line":5,"column":2},"end":{"line":5,"column":11}}},"fnMap":{"0":{"name":"useBottomTabOverflow","decl":{"start":{"line":4,"column":16},"end":{"line":4,"column":36}},"loc":{"start":{"line":4,"column":39},"end":{"line":6,"column":1}},"line":4}},"branchMap":{},"s":{"0":0},"f":{"0":0},"b":{}}
,"C:\\Users\\jonatas filipe\\Desktop\\ABP_4DSM\\frontend\\src\\constants\\Colors.ts": {"path":"C:\\Users\\jonatas filipe\\Desktop\\ABP_4DSM\\frontend\\src\\constants\\Colors.ts","statementMap":{"0":{"start":{"line":1,"column":23},"end":{"line":1,"column":32}},"1":{"start":{"line":2,"column":22},"end":{"line":2,"column":28}},"2":{"start":{"line":4,"column":22},"end":{"line":21,"column":1}}},"fnMap":{},"branchMap":{},"s":{"0":0,"1":0,"2":0},"f":{},"b":{}}
,"C:\\Users\\jonatas filipe\\Desktop\\ABP_4DSM\\frontend\\src\\hooks\\useColorScheme.ts": {"path":"C:\\Users\\jonatas filipe\\Desktop\\ABP_4DSM\\frontend\\src\\hooks\\useColorScheme.ts","statementMap":{},"fnMap":{},"branchMap":{},"s":{},"f":{},"b":{}}
,"C:\\Users\\jonatas filipe\\Desktop\\ABP_4DSM\\frontend\\src\\hooks\\useColorScheme.web.ts": {"path":"C:\\Users\\jonatas filipe\\Desktop\\ABP_4DSM\\frontend\\src\\hooks\\useColorScheme.web.ts","statementMap":{"0":{"start":{"line":5,"column":40},"end":{"line":5,"column":55}},"1":{"start":{"line":7,"column":2},"end":{"line":9,"column":9}},"2":{"start":{"line":8,"column":4},"end":{"line":8,"column":25}},"3":{"start":{"line":11,"column":22},"end":{"line":11,"column":40}},"4":{"start":{"line":13,"column":2},"end":{"line":15,"column":3}},"5":{"start":{"line":14,"column":4},"end":{"line":14,"column":23}},"6":{"start":{"line":17,"column":2},"end":{"line":17,"column":17}}},"fnMap":{"0":{"name":"useColorScheme","decl":{"start":{"line":4,"column":16},"end":{"line":4,"column":30}},"loc":{"start":{"line":4,"column":33},"end":{"line":18,"column":1}},"line":4},"1":{"name":"(anonymous_1)","decl":{"start":{"line":7,"column":12},"end":{"line":7,"column":13}},"loc":{"start":{"line":7,"column":18},"end":{"line":9,"column":3}},"line":7}},"branchMap":{"0":{"loc":{"start":{"line":13,"column":2},"end":{"line":15,"column":3}},"type":"if","locations":[{"start":{"line":13,"column":2},"end":{"line":15,"column":3}},{"start":{},"end":{}}],"line":13}},"s":{"0":0,"1":0,"2":0,"3":0,"4":0,"5":0,"6":0},"f":{"0":0,"1":0},"b":{"0":[0,0]}}
,"C:\\Users\\jonatas filipe\\Desktop\\ABP_4DSM\\frontend\\src\\hooks\\useThemeColor.ts": {"path":"C:\\Users\\jonatas filipe\\Desktop\\ABP_4DSM\\frontend\\src\\hooks\\useThemeColor.ts","statementMap":{"0":{"start":{"line":8,"column":16},"end":{"line":8,"column":43}},"1":{"start":{"line":9,"column":25},"end":{"line":9,"column":37}},"2":{"start":{"line":11,"column":2},"end":{"line":15,"column":3}},"3":{"start":{"line":12,"column":4},"end":{"line":12,"column":26}},"4":{"start":{"line":14,"column":4},"end":{"line":14,"column":36}}},"fnMap":{"0":{"name":"useThemeColor","decl":{"start":{"line":4,"column":16},"end":{"line":4,"column":29}},"loc":{"start":{"line":7,"column":2},"end":{"line":16,"column":1}},"line":7}},"branchMap":{"0":{"loc":{"start":{"line":8,"column":16},"end":{"line":8,"column":43}},"type":"binary-expr","locations":[{"start":{"line":8,"column":16},"end":{"line":8,"column":32}},{"start":{"line":8,"column":36},"end":{"line":8,"column":43}}],"line":8},"1":{"loc":{"start":{"line":11,"column":2},"end":{"line":15,"column":3}},"type":"if","locations":[{"start":{"line":11,"column":2},"end":{"line":15,"column":3}},{"start":{"line":13,"column":9},"end":{"line":15,"column":3}}],"line":11}},"s":{"0":0,"1":0,"2":0,"3":0,"4":0},"f":{"0":0},"b":{"0":[0,0],"1":[0,0]}}
,"C:\\Users\\jonatas filipe\\Desktop\\ABP_4DSM\\frontend\\src\\navigation\\AppNavigation.tsx": {"path":"C:\\Users\\jonatas filipe\\Desktop\\ABP_4DSM\\frontend\\src\\navigation\\AppNavigation.tsx","statementMap":{"0":{"start":{"line":18,"column":14},"end":{"line":18,"column":56}},"1":{"start":{"line":20,"column":31},"end":{"line":49,"column":1}},"2":{"start":{"line":21,"column":2},"end":{"line":48,"column":4}}},"fnMap":{"0":{"name":"(anonymous_0)","decl":{"start":{"line":20,"column":31},"end":{"line":20,"column":32}},"loc":{"start":{"line":20,"column":37},"end":{"line":49,"column":1}},"line":20}},"branchMap":{},"s":{"0":0,"1":0,"2":0},"f":{"0":0},"b":{}}
,"C:\\Users\\jonatas filipe\\Desktop\\ABP_4DSM\\frontend\\src\\navigation\\AppNavigaton.tsx": {"path":"C:\\Users\\jonatas filipe\\Desktop\\ABP_4DSM\\frontend\\src\\navigation\\AppNavigaton.tsx","statementMap":{"0":{"start":{"line":23,"column":14},"end":{"line":23,"column":56}},"1":{"start":{"line":25,"column":31},"end":{"line":66,"column":1}},"2":{"start":{"line":26,"column":2},"end":{"line":65,"column":4}}},"fnMap":{"0":{"name":"(anonymous_0)","decl":{"start":{"line":25,"column":31},"end":{"line":25,"column":32}},"loc":{"start":{"line":25,"column":37},"end":{"line":66,"column":1}},"line":25}},"branchMap":{},"s":{"0":0,"1":0,"2":0},"f":{"0":0},"b":{}}
,"C:\\Users\\jonatas filipe\\Desktop\\ABP_4DSM\\frontend\\src\\screens\\HomePage.tsx": {"path":"C:\\Users\\jonatas filipe\\Desktop\\ABP_4DSM\\frontend\\src\\screens\\HomePage.tsx","statementMap":{"0":{"start":{"line":13,"column":27},"end":{"line":105,"column":1}},"1":{"start":{"line":14,"column":21},"end":{"line":14,"column":36}},"2":{"start":{"line":15,"column":38},"end":{"line":17,"column":3}},"3":{"start":{"line":19,"column":4},"end":{"line":19,"column":51}},"4":{"start":{"line":35,"column":2},"end":{"line":104,"column":4}},"5":{"start":{"line":38,"column":41},"end":{"line":38,"column":78}},"6":{"start":{"line":43,"column":12},"end":{"line":46,"column":13}},"7":{"start":{"line":76,"column":25},"end":{"line":76,"column":67}},"8":{"start":{"line":107,"column":15},"end":{"line":177,"column":2}}},"fnMap":{"0":{"name":"(anonymous_0)","decl":{"start":{"line":13,"column":27},"end":{"line":13,"column":28}},"loc":{"start":{"line":13,"column":33},"end":{"line":105,"column":1}},"line":13},"1":{"name":"(anonymous_1)","decl":{"start":{"line":38,"column":35},"end":{"line":38,"column":36}},"loc":{"start":{"line":38,"column":41},"end":{"line":38,"column":78}},"line":38},"2":{"name":"(anonymous_2)","decl":{"start":{"line":42,"column":19},"end":{"line":42,"column":20}},"loc":{"start":{"line":43,"column":12},"end":{"line":46,"column":13}},"line":43},"3":{"name":"(anonymous_3)","decl":{"start":{"line":76,"column":19},"end":{"line":76,"column":20}},"loc":{"start":{"line":76,"column":25},"end":{"line":76,"column":67}},"line":76}},"branchMap":{"0":{"loc":{"start":{"line":55,"column":7},"end":{"line":71,"column":11}},"type":"cond-expr","locations":[{"start":{"line":56,"column":10},"end":{"line":60,"column":11}},{"start":{"line":61,"column":10},"end":{"line":71,"column":11}}],"line":55},"1":{"loc":{"start":{"line":56,"column":10},"end":{"line":60,"column":11}},"type":"binary-expr","locations":[{"start":{"line":56,"column":10},"end":{"line":56,"column":20}},{"start":{"line":57,"column":12},"end":{"line":59,"column":19}}],"line":56},"2":{"loc":{"start":{"line":61,"column":10},"end":{"line":71,"column":11}},"type":"binary-expr","locations":[{"start":{"line":61,"column":10},"end":{"line":61,"column":22}},{"start":{"line":62,"column":12},"end":{"line":70,"column":14}}],"line":61}},"s":{"0":0,"1":0,"2":0,"3":0,"4":0,"5":0,"6":0,"7":0,"8":0},"f":{"0":0,"1":0,"2":0,"3":0},"b":{"0":[0,0],"1":[0,0],"2":[0,0]}}
,"C:\\Users\\jonatas filipe\\Desktop\\ABP_4DSM\\frontend\\src\\screens\\HomeScreen.tsx": {"path":"C:\\Users\\jonatas filipe\\Desktop\\ABP_4DSM\\frontend\\src\\screens\\HomeScreen.tsx","statementMap":{"0":{"start":{"line":9,"column":29},"end":{"line":18,"column":1}},"1":{"start":{"line":10,"column":21},"end":{"line":10,"column":62}},"2":{"start":{"line":12,"column":2},"end":{"line":17,"column":4}},"3":{"start":{"line":15,"column":42},"end":{"line":15,"column":70}},"4":{"start":{"line":20,"column":15},"end":{"line":32,"column":2}}},"fnMap":{"0":{"name":"(anonymous_0)","decl":{"start":{"line":9,"column":29},"end":{"line":9,"column":30}},"loc":{"start":{"line":9,"column":35},"end":{"line":18,"column":1}},"line":9},"1":{"name":"(anonymous_1)","decl":{"start":{"line":15,"column":36},"end":{"line":15,"column":37}},"loc":{"start":{"line":15,"column":42},"end":{"line":15,"column":70}},"line":15}},"branchMap":{},"s":{"0":0,"1":0,"2":0,"3":0,"4":0},"f":{"0":0,"1":0},"b":{}}
,"C:\\Users\\jonatas filipe\\Desktop\\ABP_4DSM\\frontend\\src\\screens\\LoginScreen.tsx": {"path":"C:\\Users\\jonatas filipe\\Desktop\\ABP_4DSM\\frontend\\src\\screens\\LoginScreen.tsx","statementMap":{"0":{"start":{"line":17,"column":26},"end":{"line":17,"column":50}},"1":{"start":{"line":21,"column":37},"end":{"line":86,"column":1}},"2":{"start":{"line":22,"column":28},"end":{"line":22,"column":40}},"3":{"start":{"line":23,"column":34},"end":{"line":23,"column":46}},"4":{"start":{"line":25,"column":22},"end":{"line":46,"column":3}},"5":{"start":{"line":26,"column":4},"end":{"line":29,"column":5}},"6":{"start":{"line":27,"column":6},"end":{"line":27,"column":66}},"7":{"start":{"line":28,"column":6},"end":{"line":28,"column":13}},"8":{"start":{"line":31,"column":4},"end":{"line":45,"column":5}},"9":{"start":{"line":32,"column":23},"end":{"line":35,"column":8}},"10":{"start":{"line":36,"column":6},"end":{"line":36,"column":57}},"11":{"start":{"line":37,"column":6},"end":{"line":37,"column":61}},"12":{"start":{"line":38,"column":6},"end":{"line":38,"column":34}},"13":{"start":{"line":40,"column":6},"end":{"line":40,"column":57}},"14":{"start":{"line":41,"column":6},"end":{"line":43,"column":7}},"15":{"start":{"line":42,"column":8},"end":{"line":42,"column":66}},"16":{"start":{"line":44,"column":6},"end":{"line":44,"column":91}},"17":{"start":{"line":48,"column":2},"end":{"line":85,"column":4}},"18":{"start":{"line":74,"column":27},"end":{"line":74,"column":58}},"19":{"start":{"line":89,"column":14},"end":{"line":89,"column":64}},"20":{"start":{"line":89,"column":45},"end":{"line":89,"column":64}},"21":{"start":{"line":91,"column":15},"end":{"line":238,"column":2}}},"fnMap":{"0":{"name":"(anonymous_0)","decl":{"start":{"line":21,"column":37},"end":{"line":21,"column":38}},"loc":{"start":{"line":21,"column":57},"end":{"line":86,"column":1}},"line":21},"1":{"name":"(anonymous_1)","decl":{"start":{"line":25,"column":22},"end":{"line":25,"column":23}},"loc":{"start":{"line":25,"column":34},"end":{"line":46,"column":3}},"line":25},"2":{"name":"(anonymous_2)","decl":{"start":{"line":74,"column":21},"end":{"line":74,"column":22}},"loc":{"start":{"line":74,"column":27},"end":{"line":74,"column":58}},"line":74},"3":{"name":"(anonymous_3)","decl":{"start":{"line":89,"column":14},"end":{"line":89,"column":15}},"loc":{"start":{"line":89,"column":45},"end":{"line":89,"column":64}},"line":89}},"branchMap":{"0":{"loc":{"start":{"line":26,"column":4},"end":{"line":29,"column":5}},"type":"if","locations":[{"start":{"line":26,"column":4},"end":{"line":29,"column":5}},{"start":{},"end":{}}],"line":26},"1":{"loc":{"start":{"line":26,"column":8},"end":{"line":26,"column":27}},"type":"binary-expr","locations":[{"start":{"line":26,"column":8},"end":{"line":26,"column":14}},{"start":{"line":26,"column":18},"end":{"line":26,"column":27}}],"line":26},"2":{"loc":{"start":{"line":41,"column":6},"end":{"line":43,"column":7}},"type":"if","locations":[{"start":{"line":41,"column":6},"end":{"line":43,"column":7}},{"start":{},"end":{}}],"line":41},"3":{"loc":{"start":{"line":44,"column":26},"end":{"line":44,"column":89}},"type":"binary-expr","locations":[{"start":{"line":44,"column":26},"end":{"line":44,"column":55}},{"start":{"line":44,"column":59},"end":{"line":44,"column":89}}],"line":44},"4":{"loc":{"start":{"line":128,"column":14},"end":{"line":128,"column":53}},"type":"cond-expr","locations":[{"start":{"line":128,"column":28},"end":{"line":128,"column":39}},{"start":{"line":128,"column":42},"end":{"line":128,"column":53}}],"line":128}},"s":{"0":1,"1":1,"2":15,"3":15,"4":15,"5":4,"6":1,"7":1,"8":3,"9":3,"10":1,"11":1,"12":1,"13":2,"14":2,"15":1,"16":2,"17":15,"18":1,"19":1,"20":19,"21":1},"f":{"0":15,"1":4,"2":1,"3":19},"b":{"0":[1,3],"1":[4,3],"2":[1,1],"3":[2,1],"4":[1,0]},"_coverageSchema":"1a1c01bbd47fc00a2c39e90264f33305004495a9","hash":"502c8bb085e58ad343c5fee4d0488bc8f3d122e8"}
,"C:\\Users\\jonatas filipe\\Desktop\\ABP_4DSM\\frontend\\src\\screens\\NotFoundScreen.tsx": {"path":"C:\\Users\\jonatas filipe\\Desktop\\ABP_4DSM\\frontend\\src\\screens\\NotFoundScreen.tsx","statementMap":{"0":{"start":{"line":4,"column":23},"end":{"line":19,"column":1}},"1":{"start":{"line":5,"column":21},"end":{"line":5,"column":36}},"2":{"start":{"line":7,"column":2},"end":{"line":18,"column":4}},"3":{"start":{"line":13,"column":23},"end":{"line":13,"column":59}},"4":{"start":{"line":21,"column":15},"end":{"line":49,"column":2}}},"fnMap":{"0":{"name":"(anonymous_0)","decl":{"start":{"line":4,"column":23},"end":{"line":4,"column":24}},"loc":{"start":{"line":4,"column":29},"end":{"line":19,"column":1}},"line":4},"1":{"name":"(anonymous_1)","decl":{"start":{"line":13,"column":17},"end":{"line":13,"column":18}},"loc":{"start":{"line":13,"column":23},"end":{"line":13,"column":59}},"line":13}},"branchMap":{},"s":{"0":0,"1":0,"2":0,"3":0,"4":0},"f":{"0":0,"1":0},"b":{}}
,"C:\\Users\\jonatas filipe\\Desktop\\ABP_4DSM\\frontend\\src\\screens\\RegisterScreen.tsx": {"path":"C:\\Users\\jonatas filipe\\Desktop\\ABP_4DSM\\frontend\\src\\screens\\RegisterScreen.tsx","statementMap":{"0":{"start":{"line":17,"column":26},"end":{"line":17,"column":50}},"1":{"start":{"line":21,"column":40},"end":{"line":121,"column":1}},"2":{"start":{"line":22,"column":26},"end":{"line":22,"column":46}},"3":{"start":{"line":23,"column":32},"end":{"line":23,"column":52}},"4":{"start":{"line":24,"column":28},"end":{"line":24,"column":48}},"5":{"start":{"line":25,"column":28},"end":{"line":25,"column":48}},"6":{"start":{"line":26,"column":34},"end":{"line":26,"column":54}},"7":{"start":{"line":28,"column":25},"end":{"line":55,"column":3}},"8":{"start":{"line":29,"column":4},"end":{"line":32,"column":5}},"9":{"start":{"line":30,"column":6},"end":{"line":30,"column":66}},"10":{"start":{"line":31,"column":6},"end":{"line":31,"column":13}},"11":{"start":{"line":34,"column":4},"end":{"line":54,"column":5}},"12":{"start":{"line":35,"column":23},"end":{"line":41,"column":8}},"13":{"start":{"line":42,"column":6},"end":{"line":42,"column":57}},"14":{"start":{"line":43,"column":6},"end":{"line":43,"column":64}},"15":{"start":{"line":44,"column":6},"end":{"line":44,"column":35}},"16":{"start":{"line":46,"column":6},"end":{"line":46,"column":55}},"17":{"start":{"line":47,"column":6},"end":{"line":52,"column":7}},"18":{"start":{"line":48,"column":8},"end":{"line":48,"column":66}},"19":{"start":{"line":49,"column":8},"end":{"line":49,"column":54}},"20":{"start":{"line":50,"column":13},"end":{"line":52,"column":7}},"21":{"start":{"line":51,"column":8},"end":{"line":51,"column":65}},"22":{"start":{"line":53,"column":6},"end":{"line":53,"column":89}},"23":{"start":{"line":57,"column":2},"end":{"line":120,"column":4}},"24":{"start":{"line":112,"column":27},"end":{"line":112,"column":55}},"25":{"start":{"line":124,"column":14},"end":{"line":124,"column":64}},"26":{"start":{"line":124,"column":45},"end":{"line":124,"column":64}},"27":{"start":{"line":126,"column":15},"end":{"line":273,"column":2}}},"fnMap":{"0":{"name":"(anonymous_0)","decl":{"start":{"line":21,"column":40},"end":{"line":21,"column":41}},"loc":{"start":{"line":21,"column":60},"end":{"line":121,"column":1}},"line":21},"1":{"name":"(anonymous_1)","decl":{"start":{"line":28,"column":25},"end":{"line":28,"column":26}},"loc":{"start":{"line":28,"column":37},"end":{"line":55,"column":3}},"line":28},"2":{"name":"(anonymous_2)","decl":{"start":{"line":112,"column":21},"end":{"line":112,"column":22}},"loc":{"start":{"line":112,"column":27},"end":{"line":112,"column":55}},"line":112},"3":{"name":"(anonymous_3)","decl":{"start":{"line":124,"column":14},"end":{"line":124,"column":15}},"loc":{"start":{"line":124,"column":45},"end":{"line":124,"column":64}},"line":124}},"branchMap":{"0":{"loc":{"start":{"line":29,"column":4},"end":{"line":32,"column":5}},"type":"if","locations":[{"start":{"line":29,"column":4},"end":{"line":32,"column":5}},{"start":{},"end":{}}],"line":29},"1":{"loc":{"start":{"line":29,"column":8},"end":{"line":29,"column":58}},"type":"binary-expr","locations":[{"start":{"line":29,"column":8},"end":{"line":29,"column":13}},{"start":{"line":29,"column":17},"end":{"line":29,"column":25}},{"start":{"line":29,"column":29},"end":{"line":29,"column":35}},{"start":{"line":29,"column":39},"end":{"line":29,"column":45}},{"start":{"line":29,"column":49},"end":{"line":29,"column":58}}],"line":29},"2":{"loc":{"start":{"line":47,"column":6},"end":{"line":52,"column":7}},"type":"if","locations":[{"start":{"line":47,"column":6},"end":{"line":52,"column":7}},{"start":{"line":50,"column":13},"end":{"line":52,"column":7}}],"line":47},"3":{"loc":{"start":{"line":50,"column":13},"end":{"line":52,"column":7}},"type":"if","locations":[{"start":{"line":50,"column":13},"end":{"line":52,"column":7}},{"start":{},"end":{}}],"line":50},"4":{"loc":{"start":{"line":53,"column":26},"end":{"line":53,"column":87}},"type":"binary-expr","locations":[{"start":{"line":53,"column":26},"end":{"line":53,"column":55}},{"start":{"line":53,"column":59},"end":{"line":53,"column":87}}],"line":53},"5":{"loc":{"start":{"line":163,"column":14},"end":{"line":163,"column":53}},"type":"cond-expr","locations":[{"start":{"line":163,"column":28},"end":{"line":163,"column":39}},{"start":{"line":163,"column":42},"end":{"line":163,"column":53}}],"line":163}},"s":{"0":0,"1":0,"2":0,"3":0,"4":0,"5":0,"6":0,"7":0,"8":0,"9":0,"10":0,"11":0,"12":0,"13":0,"14":0,"15":0,"16":0,"17":0,"18":0,"19":0,"20":0,"21":0,"22":0,"23":0,"24":0,"25":0,"26":0,"27":0},"f":{"0":0,"1":0,"2":0,"3":0},"b":{"0":[0,0],"1":[0,0,0,0,0],"2":[0,0],"3":[0,0],"4":[0,0],"5":[0,0]}}
,"C:\\Users\\jonatas filipe\\Desktop\\ABP_4DSM\\frontend\\src\\screens\\index.tsx": {"path":"C:\\Users\\jonatas filipe\\Desktop\\ABP_4DSM\\frontend\\src\\screens\\index.tsx","statementMap":{"0":{"start":{"line":4,"column":2},"end":{"line":4,"column":22}}},"fnMap":{"0":{"name":"Index","decl":{"start":{"line":3,"column":24},"end":{"line":3,"column":29}},"loc":{"start":{"line":3,"column":32},"end":{"line":5,"column":1}},"line":3}},"branchMap":{},"s":{"0":0},"f":{"0":0},"b":{}}
}
