{"C:\\Users\\Samuel\\Pictures\\ABP_4DSM\\frontend\\declarations.d.ts": {"path":"C:\\Users\\Samuel\\Pictures\\ABP_4DSM\\frontend\\declarations.d.ts","statementMap":{},"fnMap":{},"branchMap":{},"s":{},"f":{},"b":{}}
,"C:\\Users\\Samuel\\Pictures\\ABP_4DSM\\frontend\\env.d.ts": {"path":"C:\\Users\\Samuel\\Pictures\\ABP_4DSM\\frontend\\env.d.ts","statementMap":{},"fnMap":{},"branchMap":{},"s":{},"f":{},"b":{}}
,"C:\\Users\\Samuel\\Pictures\\ABP_4DSM\\frontend\\index.ts": {"path":"C:\\Users\\Samuel\\Pictures\\ABP_4DSM\\frontend\\index.ts","statementMap":{"0":{"start":{"line":7,"column":0},"end":{"line":7,"column":27}}},"fnMap":{},"branchMap":{},"s":{"0":0},"f":{},"b":{}}
,"C:\\Users\\Samuel\\Pictures\\ABP_4DSM\\frontend\\app\\index.tsx": {"path":"C:\\Users\\Samuel\\Pictures\\ABP_4DSM\\frontend\\app\\index.tsx","statementMap":{"0":{"start":{"line":4,"column":2},"end":{"line":11,"column":4}},"1":{"start":{"line":14,"column":15},"end":{"line":34,"column":2}}},"fnMap":{"0":{"name":"Page","decl":{"start":{"line":3,"column":24},"end":{"line":3,"column":28}},"loc":{"start":{"line":3,"column":31},"end":{"line":12,"column":1}},"line":3}},"branchMap":{},"s":{"0":0,"1":0},"f":{"0":0},"b":{}}
,"C:\\Users\\Samuel\\Pictures\\ABP_4DSM\\frontend\\src\\App.tsx": {"path":"C:\\Users\\Samuel\\Pictures\\ABP_4DSM\\frontend\\src\\App.tsx","statementMap":{"0":{"start":{"line":7,"column":0},"end":{"line":12,"column":1}},"1":{"start":{"line":8,"column":2},"end":{"line":8,"column":38}},"2":{"start":{"line":9,"column":2},"end":{"line":11,"column":5}},"3":{"start":{"line":10,"column":4},"end":{"line":10,"column":28}},"4":{"start":{"line":14,"column":12},"end":{"line":71,"column":1}},"5":{"start":{"line":15,"column":2},"end":{"line":51,"column":9}},"6":{"start":{"line":16,"column":27},"end":{"line":23,"column":5}},"7":{"start":{"line":17,"column":6},"end":{"line":22,"column":7}},"8":{"start":{"line":18,"column":22},"end":{"line":18,"column":61}},"9":{"start":{"line":19,"column":8},"end":{"line":19,"column":69}},"10":{"start":{"line":21,"column":8},"end":{"line":21,"column":59}},"11":{"start":{"line":25,"column":4},"end":{"line":25,"column":21}},"12":{"start":{"line":27,"column":4},"end":{"line":50,"column":5}},"13":{"start":{"line":28,"column":6},"end":{"line":28,"column":63}},"14":{"start":{"line":30,"column":26},"end":{"line":43,"column":7}},"15":{"start":{"line":32,"column":23},"end":{"line":32,"column":50}},"16":{"start":{"line":33,"column":31},"end":{"line":33,"column":110}},"17":{"start":{"line":34,"column":8},"end":{"line":36,"column":9}},"18":{"start":{"line":35,"column":10},"end":{"line":35,"column":17}},"19":{"start":{"line":38,"column":8},"end":{"line":38,"column":31}},"20":{"start":{"line":39,"column":8},"end":{"line":42,"column":11}},"21":{"start":{"line":45,"column":6},"end":{"line":45,"column":72}},"22":{"start":{"line":47,"column":6},"end":{"line":49,"column":8}},"23":{"start":{"line":48,"column":8},"end":{"line":48,"column":57}},"24":{"start":{"line":53,"column":2},"end":{"line":64,"column":9}},"25":{"start":{"line":54,"column":4},"end":{"line":63,"column":5}},"26":{"start":{"line":55,"column":29},"end":{"line":59,"column":7}},"27":{"start":{"line":56,"column":8},"end":{"line":58,"column":16}},"28":{"start":{"line":57,"column":10},"end":{"line":57,"column":35}},"29":{"start":{"line":61,"column":27},"end":{"line":61,"column":80}},"30":{"start":{"line":62,"column":6},"end":{"line":62,"column":44}},"31":{"start":{"line":62,"column":19},"end":{"line":62,"column":43}},"32":{"start":{"line":66,"column":2},"end":{"line":70,"column":4}},"33":{"start":{"line":73,"column":0},"end":{"line":91,"column":1}},"34":{"start":{"line":74,"column":16},"end":{"line":74,"column":47}},"35":{"start":{"line":75,"column":2},"end":{"line":89,"column":4}},"36":{"start":{"line":90,"column":2},"end":{"line":90,"column":35}}},"fnMap":{"0":{"name":"(anonymous_0)","decl":{"start":{"line":9,"column":39},"end":{"line":9,"column":40}},"loc":{"start":{"line":9,"column":57},"end":{"line":11,"column":3}},"line":9},"1":{"name":"(anonymous_1)","decl":{"start":{"line":14,"column":12},"end":{"line":14,"column":13}},"loc":{"start":{"line":14,"column":18},"end":{"line":71,"column":1}},"line":14},"2":{"name":"(anonymous_2)","decl":{"start":{"line":15,"column":12},"end":{"line":15,"column":13}},"loc":{"start":{"line":15,"column":18},"end":{"line":51,"column":3}},"line":15},"3":{"name":"(anonymous_3)","decl":{"start":{"line":16,"column":27},"end":{"line":16,"column":28}},"loc":{"start":{"line":16,"column":39},"end":{"line":23,"column":5}},"line":16},"4":{"name":"(anonymous_4)","decl":{"start":{"line":30,"column":26},"end":{"line":30,"column":27}},"loc":{"start":{"line":30,"column":49},"end":{"line":43,"column":7}},"line":30},"5":{"name":"(anonymous_5)","decl":{"start":{"line":47,"column":13},"end":{"line":47,"column":14}},"loc":{"start":{"line":47,"column":19},"end":{"line":49,"column":7}},"line":47},"6":{"name":"(anonymous_6)","decl":{"start":{"line":53,"column":12},"end":{"line":53,"column":13}},"loc":{"start":{"line":53,"column":18},"end":{"line":64,"column":3}},"line":53},"7":{"name":"(anonymous_7)","decl":{"start":{"line":55,"column":29},"end":{"line":55,"column":30}},"loc":{"start":{"line":55,"column":35},"end":{"line":59,"column":7}},"line":55},"8":{"name":"(anonymous_8)","decl":{"start":{"line":56,"column":19},"end":{"line":56,"column":20}},"loc":{"start":{"line":56,"column":25},"end":{"line":58,"column":9}},"line":56},"9":{"name":"(anonymous_9)","decl":{"start":{"line":62,"column":13},"end":{"line":62,"column":14}},"loc":{"start":{"line":62,"column":19},"end":{"line":62,"column":43}},"line":62}},"branchMap":{"0":{"loc":{"start":{"line":7,"column":0},"end":{"line":12,"column":1}},"type":"if","locations":[{"start":{"line":7,"column":0},"end":{"line":12,"column":1}},{"start":{},"end":{}}],"line":7},"1":{"loc":{"start":{"line":27,"column":4},"end":{"line":50,"column":5}},"type":"if","locations":[{"start":{"line":27,"column":4},"end":{"line":50,"column":5}},{"start":{},"end":{}}],"line":27},"2":{"loc":{"start":{"line":34,"column":8},"end":{"line":36,"column":9}},"type":"if","locations":[{"start":{"line":34,"column":8},"end":{"line":36,"column":9}},{"start":{},"end":{}}],"line":34},"3":{"loc":{"start":{"line":34,"column":12},"end":{"line":34,"column":43}},"type":"binary-expr","locations":[{"start":{"line":34,"column":12},"end":{"line":34,"column":26}},{"start":{"line":34,"column":30},"end":{"line":34,"column":43}}],"line":34},"4":{"loc":{"start":{"line":54,"column":4},"end":{"line":63,"column":5}},"type":"if","locations":[{"start":{"line":54,"column":4},"end":{"line":63,"column":5}},{"start":{},"end":{}}],"line":54},"5":{"loc":{"start":{"line":73,"column":0},"end":{"line":91,"column":1}},"type":"if","locations":[{"start":{"line":73,"column":0},"end":{"line":91,"column":1}},{"start":{},"end":{}}],"line":73}},"s":{"0":0,"1":0,"2":0,"3":0,"4":0,"5":0,"6":0,"7":0,"8":0,"9":0,"10":0,"11":0,"12":0,"13":0,"14":0,"15":0,"16":0,"17":0,"18":0,"19":0,"20":0,"21":0,"22":0,"23":0,"24":0,"25":0,"26":0,"27":0,"28":0,"29":0,"30":0,"31":0,"32":0,"33":0,"34":0,"35":0,"36":0},"f":{"0":0,"1":0,"2":0,"3":0,"4":0,"5":0,"6":0,"7":0,"8":0,"9":0},"b":{"0":[0,0],"1":[0,0],"2":[0,0],"3":[0,0],"4":[0,0],"5":[0,0]}}
,"C:\\Users\\Samuel\\Pictures\\ABP_4DSM\\frontend\\src\\components\\Collapsible.tsx": {"path":"C:\\Users\\Samuel\\Pictures\\ABP_4DSM\\frontend\\src\\components\\Collapsible.tsx","statementMap":{"0":{"start":{"line":11,"column":30},"end":{"line":11,"column":45}},"1":{"start":{"line":12,"column":16},"end":{"line":12,"column":43}},"2":{"start":{"line":14,"column":2},"end":{"line":32,"column":4}},"3":{"start":{"line":18,"column":23},"end":{"line":18,"column":51}},"4":{"start":{"line":18,"column":44},"end":{"line":18,"column":50}},"5":{"start":{"line":35,"column":15},"end":{"line":45,"column":2}}},"fnMap":{"0":{"name":"Collapsible","decl":{"start":{"line":10,"column":16},"end":{"line":10,"column":27}},"loc":{"start":{"line":10,"column":88},"end":{"line":33,"column":1}},"line":10},"1":{"name":"(anonymous_1)","decl":{"start":{"line":18,"column":17},"end":{"line":18,"column":18}},"loc":{"start":{"line":18,"column":23},"end":{"line":18,"column":51}},"line":18},"2":{"name":"(anonymous_2)","decl":{"start":{"line":18,"column":33},"end":{"line":18,"column":34}},"loc":{"start":{"line":18,"column":44},"end":{"line":18,"column":50}},"line":18}},"branchMap":{"0":{"loc":{"start":{"line":12,"column":16},"end":{"line":12,"column":43}},"type":"binary-expr","locations":[{"start":{"line":12,"column":16},"end":{"line":12,"column":32}},{"start":{"line":12,"column":36},"end":{"line":12,"column":43}}],"line":12},"1":{"loc":{"start":{"line":24,"column":17},"end":{"line":24,"column":73}},"type":"cond-expr","locations":[{"start":{"line":24,"column":37},"end":{"line":24,"column":54}},{"start":{"line":24,"column":57},"end":{"line":24,"column":73}}],"line":24},"2":{"loc":{"start":{"line":25,"column":41},"end":{"line":25,"column":66}},"type":"cond-expr","locations":[{"start":{"line":25,"column":50},"end":{"line":25,"column":57}},{"start":{"line":25,"column":60},"end":{"line":25,"column":66}}],"line":25},"3":{"loc":{"start":{"line":30,"column":7},"end":{"line":30,"column":75}},"type":"binary-expr","locations":[{"start":{"line":30,"column":7},"end":{"line":30,"column":13}},{"start":{"line":30,"column":17},"end":{"line":30,"column":75}}],"line":30}},"s":{"0":0,"1":0,"2":0,"3":0,"4":0,"5":0},"f":{"0":0,"1":0,"2":0},"b":{"0":[0,0],"1":[0,0],"2":[0,0],"3":[0,0]}}
,"C:\\Users\\Samuel\\Pictures\\ABP_4DSM\\frontend\\src\\components\\DeviceHistoryPopup.tsx": {"path":"C:\\Users\\Samuel\\Pictures\\ABP_4DSM\\frontend\\src\\components\\DeviceHistoryPopup.tsx","statementMap":{"0":{"start":{"line":19,"column":39},"end":{"line":19,"column":68}},"1":{"start":{"line":21,"column":26},"end":{"line":21,"column":50}},"2":{"start":{"line":33,"column":62},"end":{"line":314,"column":1}},"3":{"start":{"line":42,"column":46},"end":{"line":42,"column":61}},"4":{"start":{"line":43,"column":48},"end":{"line":43,"column":63}},"5":{"start":{"line":44,"column":32},"end":{"line":44,"column":57}},"6":{"start":{"line":45,"column":42},"end":{"line":45,"column":71}},"7":{"start":{"line":47,"column":24},"end":{"line":51,"column":3}},"8":{"start":{"line":48,"column":4},"end":{"line":50,"column":5}},"9":{"start":{"line":49,"column":6},"end":{"line":49,"column":41}},"10":{"start":{"line":49,"column":34},"end":{"line":49,"column":39}},"11":{"start":{"line":53,"column":28},"end":{"line":55,"column":3}},"12":{"start":{"line":54,"column":4},"end":{"line":54,"column":29}},"13":{"start":{"line":57,"column":29},"end":{"line":60,"column":3}},"14":{"start":{"line":58,"column":4},"end":{"line":58,"column":30}},"15":{"start":{"line":59,"column":4},"end":{"line":59,"column":29}},"16":{"start":{"line":62,"column":31},"end":{"line":66,"column":3}},"17":{"start":{"line":69,"column":2},"end":{"line":84,"column":26}},"18":{"start":{"line":70,"column":4},"end":{"line":83,"column":5}},"19":{"start":{"line":71,"column":31},"end":{"line":81,"column":7}},"20":{"start":{"line":72,"column":8},"end":{"line":80,"column":9}},"21":{"start":{"line":73,"column":23},"end":{"line":73,"column":58}},"22":{"start":{"line":74,"column":10},"end":{"line":74,"column":42}},"23":{"start":{"line":75,"column":10},"end":{"line":75,"column":56}},"24":{"start":{"line":77,"column":10},"end":{"line":77,"column":63}},"25":{"start":{"line":78,"column":10},"end":{"line":78,"column":25}},"26":{"start":{"line":79,"column":10},"end":{"line":79,"column":32}},"27":{"start":{"line":82,"column":6},"end":{"line":82,"column":25}},"28":{"start":{"line":87,"column":24},"end":{"line":89,"column":15}},"29":{"start":{"line":88,"column":28},"end":{"line":88,"column":55}},"30":{"start":{"line":92,"column":4},"end":{"line":112,"column":10}},"31":{"start":{"line":95,"column":75},"end":{"line":111,"column":9}},"32":{"start":{"line":114,"column":2},"end":{"line":313,"column":4}},"33":{"start":{"line":153,"column":16},"end":{"line":206,"column":23}},"34":{"start":{"line":195,"column":22},"end":{"line":200,"column":30}},"35":{"start":{"line":210,"column":16},"end":{"line":231,"column":23}},"36":{"start":{"line":223,"column":22},"end":{"line":226,"column":24}},"37":{"start":{"line":316,"column":15},"end":{"line":438,"column":2}}},"fnMap":{"0":{"name":"(anonymous_0)","decl":{"start":{"line":33,"column":62},"end":{"line":33,"column":63}},"loc":{"start":{"line":41,"column":6},"end":{"line":314,"column":1}},"line":41},"1":{"name":"(anonymous_1)","decl":{"start":{"line":47,"column":24},"end":{"line":47,"column":25}},"loc":{"start":{"line":47,"column":30},"end":{"line":51,"column":3}},"line":47},"2":{"name":"(anonymous_2)","decl":{"start":{"line":49,"column":24},"end":{"line":49,"column":25}},"loc":{"start":{"line":49,"column":34},"end":{"line":49,"column":39}},"line":49},"3":{"name":"(anonymous_3)","decl":{"start":{"line":53,"column":28},"end":{"line":53,"column":29}},"loc":{"start":{"line":53,"column":34},"end":{"line":55,"column":3}},"line":53},"4":{"name":"(anonymous_4)","decl":{"start":{"line":57,"column":29},"end":{"line":57,"column":30}},"loc":{"start":{"line":57,"column":35},"end":{"line":60,"column":3}},"line":57},"5":{"name":"(anonymous_5)","decl":{"start":{"line":69,"column":12},"end":{"line":69,"column":13}},"loc":{"start":{"line":69,"column":18},"end":{"line":84,"column":3}},"line":69},"6":{"name":"(anonymous_6)","decl":{"start":{"line":71,"column":31},"end":{"line":71,"column":32}},"loc":{"start":{"line":71,"column":43},"end":{"line":81,"column":7}},"line":71},"7":{"name":"(anonymous_7)","decl":{"start":{"line":88,"column":12},"end":{"line":88,"column":13}},"loc":{"start":{"line":88,"column":28},"end":{"line":88,"column":55}},"line":88},"8":{"name":"(anonymous_8)","decl":{"start":{"line":95,"column":51},"end":{"line":95,"column":52}},"loc":{"start":{"line":95,"column":75},"end":{"line":111,"column":9}},"line":95},"9":{"name":"(anonymous_9)","decl":{"start":{"line":152,"column":26},"end":{"line":152,"column":27}},"loc":{"start":{"line":153,"column":16},"end":{"line":206,"column":23}},"line":153},"10":{"name":"(anonymous_10)","decl":{"start":{"line":194,"column":29},"end":{"line":194,"column":30}},"loc":{"start":{"line":195,"column":22},"end":{"line":200,"column":30}},"line":195},"11":{"name":"(anonymous_11)","decl":{"start":{"line":209,"column":35},"end":{"line":209,"column":36}},"loc":{"start":{"line":210,"column":16},"end":{"line":231,"column":23}},"line":210},"12":{"name":"(anonymous_12)","decl":{"start":{"line":222,"column":29},"end":{"line":222,"column":30}},"loc":{"start":{"line":223,"column":22},"end":{"line":226,"column":24}},"line":223}},"branchMap":{"0":{"loc":{"start":{"line":40,"column":2},"end":{"line":40,"column":19}},"type":"default-arg","locations":[{"start":{"line":40,"column":14},"end":{"line":40,"column":19}}],"line":40},"1":{"loc":{"start":{"line":48,"column":4},"end":{"line":50,"column":5}},"type":"if","locations":[{"start":{"line":48,"column":4},"end":{"line":50,"column":5}},{"start":{},"end":{}}],"line":48},"2":{"loc":{"start":{"line":63,"column":12},"end":{"line":65,"column":50}},"type":"cond-expr","locations":[{"start":{"line":64,"column":8},"end":{"line":64,"column":60}},{"start":{"line":65,"column":8},"end":{"line":65,"column":50}}],"line":63},"3":{"loc":{"start":{"line":70,"column":4},"end":{"line":83,"column":5}},"type":"if","locations":[{"start":{"line":70,"column":4},"end":{"line":83,"column":5}},{"start":{},"end":{}}],"line":70},"4":{"loc":{"start":{"line":70,"column":8},"end":{"line":70,"column":27}},"type":"binary-expr","locations":[{"start":{"line":70,"column":8},"end":{"line":70,"column":16}},{"start":{"line":70,"column":20},"end":{"line":70,"column":27}}],"line":70},"5":{"loc":{"start":{"line":74,"column":21},"end":{"line":74,"column":40}},"type":"binary-expr","locations":[{"start":{"line":74,"column":21},"end":{"line":74,"column":34}},{"start":{"line":74,"column":38},"end":{"line":74,"column":40}}],"line":74},"6":{"loc":{"start":{"line":75,"column":26},"end":{"line":75,"column":54}},"type":"binary-expr","locations":[{"start":{"line":75,"column":26},"end":{"line":75,"column":46}},{"start":{"line":75,"column":50},"end":{"line":75,"column":54}}],"line":75},"7":{"loc":{"start":{"line":88,"column":35},"end":{"line":88,"column":54}},"type":"binary-expr","locations":[{"start":{"line":88,"column":35},"end":{"line":88,"column":49}},{"start":{"line":88,"column":53},"end":{"line":88,"column":54}}],"line":88},"8":{"loc":{"start":{"line":92,"column":4},"end":{"line":112,"column":10}},"type":"cond-expr","locations":[{"start":{"line":95,"column":8},"end":{"line":111,"column":11}},{"start":{"line":112,"column":8},"end":{"line":112,"column":10}}],"line":92},"9":{"loc":{"start":{"line":92,"column":4},"end":{"line":94,"column":43}},"type":"binary-expr","locations":[{"start":{"line":92,"column":4},"end":{"line":92,"column":9}},{"start":{"line":93,"column":4},"end":{"line":93,"column":33}},{"start":{"line":94,"column":4},"end":{"line":94,"column":43}}],"line":92},"10":{"loc":{"start":{"line":98,"column":21},"end":{"line":110,"column":19}},"type":"cond-expr","locations":[{"start":{"line":99,"column":14},"end":{"line":109,"column":16}},{"start":{"line":110,"column":14},"end":{"line":110,"column":19}}],"line":98},"11":{"loc":{"start":{"line":122,"column":36},"end":{"line":122,"column":75}},"type":"binary-expr","locations":[{"start":{"line":122,"column":36},"end":{"line":122,"column":50}},{"start":{"line":122,"column":54},"end":{"line":122,"column":75}}],"line":122},"12":{"loc":{"start":{"line":125,"column":15},"end":{"line":127,"column":39}},"type":"cond-expr","locations":[{"start":{"line":126,"column":18},"end":{"line":126,"column":44}},{"start":{"line":127,"column":18},"end":{"line":127,"column":39}}],"line":125},"13":{"loc":{"start":{"line":130,"column":32},"end":{"line":130,"column":76}},"type":"cond-expr","locations":[{"start":{"line":130,"column":48},"end":{"line":130,"column":68}},{"start":{"line":130,"column":71},"end":{"line":130,"column":76}}],"line":130},"14":{"loc":{"start":{"line":133,"column":33},"end":{"line":133,"column":97}},"type":"cond-expr","locations":[{"start":{"line":133,"column":56},"end":{"line":133,"column":89}},{"start":{"line":133,"column":92},"end":{"line":133,"column":97}}],"line":133},"15":{"loc":{"start":{"line":143,"column":14},"end":{"line":143,"column":63}},"type":"binary-expr","locations":[{"start":{"line":143,"column":14},"end":{"line":143,"column":28}},{"start":{"line":143,"column":32},"end":{"line":143,"column":63}}],"line":143},"16":{"loc":{"start":{"line":147,"column":17},"end":{"line":147,"column":81}},"type":"cond-expr","locations":[{"start":{"line":147,"column":41},"end":{"line":147,"column":76}},{"start":{"line":147,"column":79},"end":{"line":147,"column":81}}],"line":147},"17":{"loc":{"start":{"line":149,"column":13},"end":{"line":239,"column":13}},"type":"cond-expr","locations":[{"start":{"line":150,"column":14},"end":{"line":150,"column":65}},{"start":{"line":151,"column":16},"end":{"line":239,"column":13}}],"line":149},"18":{"loc":{"start":{"line":151,"column":16},"end":{"line":239,"column":13}},"type":"cond-expr","locations":[{"start":{"line":152,"column":14},"end":{"line":207,"column":16}},{"start":{"line":208,"column":16},"end":{"line":239,"column":13}}],"line":151},"19":{"loc":{"start":{"line":156,"column":21},"end":{"line":166,"column":29}},"type":"cond-expr","locations":[{"start":{"line":157,"column":24},"end":{"line":165,"column":26}},{"start":{"line":166,"column":24},"end":{"line":166,"column":29}}],"line":156},"20":{"loc":{"start":{"line":169,"column":31},"end":{"line":169,"column":66}},"type":"binary-expr","locations":[{"start":{"line":169,"column":31},"end":{"line":169,"column":57}},{"start":{"line":169,"column":61},"end":{"line":169,"column":66}}],"line":169},"21":{"loc":{"start":{"line":172,"column":32},"end":{"line":172,"column":68}},"type":"binary-expr","locations":[{"start":{"line":172,"column":32},"end":{"line":172,"column":59}},{"start":{"line":172,"column":63},"end":{"line":172,"column":68}}],"line":172},"22":{"loc":{"start":{"line":175,"column":32},"end":{"line":175,"column":90}},"type":"cond-expr","locations":[{"start":{"line":175,"column":57},"end":{"line":175,"column":82}},{"start":{"line":175,"column":85},"end":{"line":175,"column":90}}],"line":175},"23":{"loc":{"start":{"line":178,"column":33},"end":{"line":178,"column":85}},"type":"cond-expr","locations":[{"start":{"line":178,"column":55},"end":{"line":178,"column":77}},{"start":{"line":178,"column":80},"end":{"line":178,"column":85}}],"line":178},"24":{"loc":{"start":{"line":181,"column":31},"end":{"line":181,"column":78}},"type":"cond-expr","locations":[{"start":{"line":181,"column":56},"end":{"line":181,"column":70}},{"start":{"line":181,"column":73},"end":{"line":181,"column":78}}],"line":181},"25":{"loc":{"start":{"line":184,"column":28},"end":{"line":184,"column":71}},"type":"cond-expr","locations":[{"start":{"line":184,"column":51},"end":{"line":184,"column":63}},{"start":{"line":184,"column":66},"end":{"line":184,"column":71}}],"line":184},"26":{"loc":{"start":{"line":187,"column":32},"end":{"line":187,"column":83}},"type":"cond-expr","locations":[{"start":{"line":187,"column":59},"end":{"line":187,"column":75}},{"start":{"line":187,"column":78},"end":{"line":187,"column":83}}],"line":187},"27":{"loc":{"start":{"line":190,"column":27},"end":{"line":190,"column":66}},"type":"cond-expr","locations":[{"start":{"line":190,"column":48},"end":{"line":190,"column":58}},{"start":{"line":190,"column":61},"end":{"line":190,"column":66}}],"line":190},"28":{"loc":{"start":{"line":195,"column":22},"end":{"line":200,"column":30}},"type":"cond-expr","locations":[{"start":{"line":196,"column":26},"end":{"line":199,"column":28}},{"start":{"line":200,"column":26},"end":{"line":200,"column":30}}],"line":195},"29":{"loc":{"start":{"line":195,"column":22},"end":{"line":195,"column":71}},"type":"binary-expr","locations":[{"start":{"line":195,"column":22},"end":{"line":195,"column":44}},{"start":{"line":195,"column":48},"end":{"line":195,"column":71}}],"line":195},"30":{"loc":{"start":{"line":202,"column":30},"end":{"line":202,"column":79}},"type":"binary-expr","locations":[{"start":{"line":202,"column":30},"end":{"line":202,"column":52}},{"start":{"line":202,"column":56},"end":{"line":202,"column":79}}],"line":202},"31":{"loc":{"start":{"line":208,"column":16},"end":{"line":239,"column":13}},"type":"cond-expr","locations":[{"start":{"line":209,"column":14},"end":{"line":232,"column":16}},{"start":{"line":234,"column":14},"end":{"line":238,"column":21}}],"line":208},"32":{"loc":{"start":{"line":212,"column":27},"end":{"line":212,"column":51}},"type":"binary-expr","locations":[{"start":{"line":212,"column":27},"end":{"line":212,"column":42}},{"start":{"line":212,"column":46},"end":{"line":212,"column":51}}],"line":212},"33":{"loc":{"start":{"line":215,"column":31},"end":{"line":215,"column":65}},"type":"binary-expr","locations":[{"start":{"line":215,"column":31},"end":{"line":215,"column":56}},{"start":{"line":215,"column":60},"end":{"line":215,"column":65}}],"line":215},"34":{"loc":{"start":{"line":218,"column":32},"end":{"line":218,"column":67}},"type":"binary-expr","locations":[{"start":{"line":218,"column":32},"end":{"line":218,"column":58}},{"start":{"line":218,"column":62},"end":{"line":218,"column":67}}],"line":218},"35":{"loc":{"start":{"line":235,"column":17},"end":{"line":237,"column":46}},"type":"cond-expr","locations":[{"start":{"line":236,"column":20},"end":{"line":236,"column":50}},{"start":{"line":237,"column":20},"end":{"line":237,"column":46}}],"line":235},"36":{"loc":{"start":{"line":242,"column":11},"end":{"line":272,"column":11}},"type":"binary-expr","locations":[{"start":{"line":242,"column":11},"end":{"line":242,"column":27}},{"start":{"line":243,"column":12},"end":{"line":271,"column":19}}],"line":242},"37":{"loc":{"start":{"line":263,"column":25},"end":{"line":263,"column":80}},"type":"cond-expr","locations":[{"start":{"line":263,"column":42},"end":{"line":263,"column":60}},{"start":{"line":263,"column":63},"end":{"line":263,"column":80}}],"line":263},"38":{"loc":{"start":{"line":266,"column":24},"end":{"line":266,"column":73}},"type":"cond-expr","locations":[{"start":{"line":266,"column":41},"end":{"line":266,"column":58}},{"start":{"line":266,"column":61},"end":{"line":266,"column":73}}],"line":266},"39":{"loc":{"start":{"line":285,"column":24},"end":{"line":285,"column":55}},"type":"binary-expr","locations":[{"start":{"line":285,"column":24},"end":{"line":285,"column":50}},{"start":{"line":285,"column":54},"end":{"line":285,"column":55}}],"line":285},"40":{"loc":{"start":{"line":286,"column":25},"end":{"line":286,"column":57}},"type":"binary-expr","locations":[{"start":{"line":286,"column":25},"end":{"line":286,"column":52}},{"start":{"line":286,"column":56},"end":{"line":286,"column":57}}],"line":286},"41":{"loc":{"start":{"line":291,"column":14},"end":{"line":299,"column":20}},"type":"cond-expr","locations":[{"start":{"line":292,"column":18},"end":{"line":298,"column":19}},{"start":{"line":299,"column":18},"end":{"line":299,"column":20}}],"line":291},"42":{"loc":{"start":{"line":370,"column":8},"end":{"line":370,"column":92}},"type":"cond-expr","locations":[{"start":{"line":370,"column":32},"end":{"line":370,"column":87}},{"start":{"line":370,"column":90},"end":{"line":370,"column":92}}],"line":370}},"s":{"0":0,"1":0,"2":0,"3":0,"4":0,"5":0,"6":0,"7":0,"8":0,"9":0,"10":0,"11":0,"12":0,"13":0,"14":0,"15":0,"16":0,"17":0,"18":0,"19":0,"20":0,"21":0,"22":0,"23":0,"24":0,"25":0,"26":0,"27":0,"28":0,"29":0,"30":0,"31":0,"32":0,"33":0,"34":0,"35":0,"36":0,"37":0},"f":{"0":0,"1":0,"2":0,"3":0,"4":0,"5":0,"6":0,"7":0,"8":0,"9":0,"10":0,"11":0,"12":0},"b":{"0":[0],"1":[0,0],"2":[0,0],"3":[0,0],"4":[0,0],"5":[0,0],"6":[0,0],"7":[0,0],"8":[0,0],"9":[0,0,0],"10":[0,0],"11":[0,0],"12":[0,0],"13":[0,0],"14":[0,0],"15":[0,0],"16":[0,0],"17":[0,0],"18":[0,0],"19":[0,0],"20":[0,0],"21":[0,0],"22":[0,0],"23":[0,0],"24":[0,0],"25":[0,0],"26":[0,0],"27":[0,0],"28":[0,0],"29":[0,0],"30":[0,0],"31":[0,0],"32":[0,0],"33":[0,0],"34":[0,0],"35":[0,0],"36":[0,0],"37":[0,0],"38":[0,0],"39":[0,0],"40":[0,0],"41":[0,0],"42":[0,0]}}
,"C:\\Users\\Samuel\\Pictures\\ABP_4DSM\\frontend\\src\\components\\ExternalLink.tsx": {"path":"C:\\Users\\Samuel\\Pictures\\ABP_4DSM\\frontend\\src\\components\\ExternalLink.tsx","statementMap":{"0":{"start":{"line":9,"column":2},"end":{"line":21,"column":4}},"1":{"start":{"line":15,"column":8},"end":{"line":18,"column":9}},"2":{"start":{"line":16,"column":10},"end":{"line":16,"column":33}},"3":{"start":{"line":17,"column":10},"end":{"line":17,"column":39}}},"fnMap":{"0":{"name":"ExternalLink","decl":{"start":{"line":8,"column":16},"end":{"line":8,"column":28}},"loc":{"start":{"line":8,"column":55},"end":{"line":22,"column":1}},"line":8},"1":{"name":"(anonymous_1)","decl":{"start":{"line":14,"column":15},"end":{"line":14,"column":16}},"loc":{"start":{"line":14,"column":32},"end":{"line":19,"column":7}},"line":14}},"branchMap":{"0":{"loc":{"start":{"line":15,"column":8},"end":{"line":18,"column":9}},"type":"if","locations":[{"start":{"line":15,"column":8},"end":{"line":18,"column":9}},{"start":{},"end":{}}],"line":15}},"s":{"0":0,"1":0,"2":0,"3":0},"f":{"0":0,"1":0},"b":{"0":[0,0]}}
,"C:\\Users\\Samuel\\Pictures\\ABP_4DSM\\frontend\\src\\components\\HapticTab.tsx": {"path":"C:\\Users\\Samuel\\Pictures\\ABP_4DSM\\frontend\\src\\components\\HapticTab.tsx","statementMap":{"0":{"start":{"line":6,"column":2},"end":{"line":17,"column":4}},"1":{"start":{"line":10,"column":8},"end":{"line":13,"column":9}},"2":{"start":{"line":12,"column":10},"end":{"line":12,"column":65}},"3":{"start":{"line":14,"column":8},"end":{"line":14,"column":30}}},"fnMap":{"0":{"name":"HapticTab","decl":{"start":{"line":5,"column":16},"end":{"line":5,"column":25}},"loc":{"start":{"line":5,"column":58},"end":{"line":18,"column":1}},"line":5},"1":{"name":"(anonymous_1)","decl":{"start":{"line":9,"column":17},"end":{"line":9,"column":18}},"loc":{"start":{"line":9,"column":30},"end":{"line":15,"column":7}},"line":9}},"branchMap":{"0":{"loc":{"start":{"line":10,"column":8},"end":{"line":13,"column":9}},"type":"if","locations":[{"start":{"line":10,"column":8},"end":{"line":13,"column":9}},{"start":{},"end":{}}],"line":10}},"s":{"0":0,"1":0,"2":0,"3":0},"f":{"0":0,"1":0},"b":{"0":[0,0]}}
,"C:\\Users\\Samuel\\Pictures\\ABP_4DSM\\frontend\\src\\components\\HelloWave.tsx": {"path":"C:\\Users\\Samuel\\Pictures\\ABP_4DSM\\frontend\\src\\components\\HelloWave.tsx","statementMap":{"0":{"start":{"line":14,"column":28},"end":{"line":14,"column":45}},"1":{"start":{"line":16,"column":2},"end":{"line":21,"column":9}},"2":{"start":{"line":17,"column":4},"end":{"line":20,"column":6}},"3":{"start":{"line":23,"column":24},"end":{"line":25,"column":5}},"4":{"start":{"line":23,"column":48},"end":{"line":25,"column":3}},"5":{"start":{"line":27,"column":2},"end":{"line":31,"column":4}},"6":{"start":{"line":34,"column":15},"end":{"line":40,"column":2}}},"fnMap":{"0":{"name":"HelloWave","decl":{"start":{"line":13,"column":16},"end":{"line":13,"column":25}},"loc":{"start":{"line":13,"column":28},"end":{"line":32,"column":1}},"line":13},"1":{"name":"(anonymous_1)","decl":{"start":{"line":16,"column":12},"end":{"line":16,"column":13}},"loc":{"start":{"line":16,"column":18},"end":{"line":21,"column":3}},"line":16},"2":{"name":"(anonymous_2)","decl":{"start":{"line":23,"column":41},"end":{"line":23,"column":42}},"loc":{"start":{"line":23,"column":48},"end":{"line":25,"column":3}},"line":23}},"branchMap":{},"s":{"0":0,"1":0,"2":0,"3":0,"4":0,"5":0,"6":0},"f":{"0":0,"1":0,"2":0},"b":{}}
,"C:\\Users\\Samuel\\Pictures\\ABP_4DSM\\frontend\\src\\components\\MapView.tsx": {"path":"C:\\Users\\Samuel\\Pictures\\ABP_4DSM\\frontend\\src\\components\\MapView.tsx","statementMap":{"0":{"start":{"line":28,"column":22},"end":{"line":33,"column":1}},"1":{"start":{"line":35,"column":46},"end":{"line":111,"column":1}},"2":{"start":{"line":44,"column":23},"end":{"line":50,"column":76}},"3":{"start":{"line":45,"column":22},"end":{"line":49,"column":5}},"4":{"start":{"line":50,"column":24},"end":{"line":50,"column":75}},"5":{"start":{"line":52,"column":25},"end":{"line":59,"column":19}},"6":{"start":{"line":54,"column":50},"end":{"line":54,"column":66}},"7":{"start":{"line":55,"column":51},"end":{"line":55,"column":68}},"8":{"start":{"line":61,"column":2},"end":{"line":65,"column":5}},"9":{"start":{"line":67,"column":2},"end":{"line":110,"column":3}},"10":{"start":{"line":68,"column":4},"end":{"line":102,"column":6}},"11":{"start":{"line":77,"column":10},"end":{"line":89,"column":12}},"12":{"start":{"line":86,"column":14},"end":{"line":86,"column":77}},"13":{"start":{"line":87,"column":14},"end":{"line":87,"column":59}},"14":{"start":{"line":93,"column":85},"end":{"line":96,"column":13}},"15":{"start":{"line":104,"column":4},"end":{"line":104,"column":66}},"16":{"start":{"line":105,"column":4},"end":{"line":109,"column":6}},"17":{"start":{"line":113,"column":15},"end":{"line":127,"column":2}}},"fnMap":{"0":{"name":"(anonymous_0)","decl":{"start":{"line":35,"column":46},"end":{"line":35,"column":47}},"loc":{"start":{"line":42,"column":6},"end":{"line":111,"column":1}},"line":42},"1":{"name":"(anonymous_1)","decl":{"start":{"line":45,"column":9},"end":{"line":45,"column":10}},"loc":{"start":{"line":45,"column":22},"end":{"line":49,"column":5}},"line":45},"2":{"name":"(anonymous_2)","decl":{"start":{"line":50,"column":12},"end":{"line":50,"column":13}},"loc":{"start":{"line":50,"column":24},"end":{"line":50,"column":75}},"line":50},"3":{"name":"(anonymous_3)","decl":{"start":{"line":54,"column":38},"end":{"line":54,"column":39}},"loc":{"start":{"line":54,"column":50},"end":{"line":54,"column":66}},"line":54},"4":{"name":"(anonymous_4)","decl":{"start":{"line":55,"column":39},"end":{"line":55,"column":40}},"loc":{"start":{"line":55,"column":51},"end":{"line":55,"column":68}},"line":55},"5":{"name":"(anonymous_5)","decl":{"start":{"line":76,"column":26},"end":{"line":76,"column":27}},"loc":{"start":{"line":77,"column":10},"end":{"line":89,"column":12}},"line":77},"6":{"name":"(anonymous_6)","decl":{"start":{"line":85,"column":21},"end":{"line":85,"column":22}},"loc":{"start":{"line":85,"column":27},"end":{"line":88,"column":13}},"line":85},"7":{"name":"(anonymous_7)","decl":{"start":{"line":93,"column":68},"end":{"line":93,"column":69}},"loc":{"start":{"line":93,"column":85},"end":{"line":96,"column":13}},"line":93}},"branchMap":{"0":{"loc":{"start":{"line":36,"column":2},"end":{"line":36,"column":14}},"type":"default-arg","locations":[{"start":{"line":36,"column":12},"end":{"line":36,"column":14}}],"line":36},"1":{"loc":{"start":{"line":37,"column":2},"end":{"line":37,"column":31}},"type":"default-arg","locations":[{"start":{"line":37,"column":18},"end":{"line":37,"column":31}}],"line":37},"2":{"loc":{"start":{"line":41,"column":2},"end":{"line":41,"column":22}},"type":"default-arg","locations":[{"start":{"line":41,"column":18},"end":{"line":41,"column":22}}],"line":41},"3":{"loc":{"start":{"line":46,"column":16},"end":{"line":46,"column":36}},"type":"binary-expr","locations":[{"start":{"line":46,"column":16},"end":{"line":46,"column":31}},{"start":{"line":46,"column":35},"end":{"line":46,"column":36}}],"line":46},"4":{"loc":{"start":{"line":47,"column":17},"end":{"line":47,"column":38}},"type":"binary-expr","locations":[{"start":{"line":47,"column":17},"end":{"line":47,"column":33}},{"start":{"line":47,"column":37},"end":{"line":47,"column":38}}],"line":47},"5":{"loc":{"start":{"line":48,"column":13},"end":{"line":48,"column":38}},"type":"binary-expr","locations":[{"start":{"line":48,"column":13},"end":{"line":48,"column":25}},{"start":{"line":48,"column":29},"end":{"line":48,"column":38}}],"line":48},"6":{"loc":{"start":{"line":50,"column":24},"end":{"line":50,"column":75}},"type":"binary-expr","locations":[{"start":{"line":50,"column":24},"end":{"line":50,"column":47}},{"start":{"line":50,"column":51},"end":{"line":50,"column":75}}],"line":50},"7":{"loc":{"start":{"line":52,"column":25},"end":{"line":59,"column":19}},"type":"cond-expr","locations":[{"start":{"line":53,"column":6},"end":{"line":58,"column":7}},{"start":{"line":59,"column":6},"end":{"line":59,"column":19}}],"line":52},"8":{"loc":{"start":{"line":87,"column":14},"end":{"line":87,"column":58}},"type":"binary-expr","locations":[{"start":{"line":87,"column":14},"end":{"line":87,"column":27}},{"start":{"line":87,"column":31},"end":{"line":87,"column":58}}],"line":87},"9":{"loc":{"start":{"line":91,"column":9},"end":{"line":100,"column":9}},"type":"binary-expr","locations":[{"start":{"line":91,"column":9},"end":{"line":91,"column":14}},{"start":{"line":91,"column":18},"end":{"line":91,"column":47}},{"start":{"line":91,"column":51},"end":{"line":91,"column":90}},{"start":{"line":92,"column":10},"end":{"line":99,"column":12}}],"line":91}},"s":{"0":0,"1":0,"2":0,"3":0,"4":0,"5":0,"6":0,"7":0,"8":0,"9":0,"10":0,"11":0,"12":0,"13":0,"14":0,"15":0,"16":0,"17":0},"f":{"0":0,"1":0,"2":0,"3":0,"4":0,"5":0,"6":0,"7":0},"b":{"0":[0],"1":[0],"2":[0],"3":[0,0],"4":[0,0],"5":[0,0],"6":[0,0],"7":[0,0],"8":[0,0],"9":[0,0,0,0]}}
,"C:\\Users\\Samuel\\Pictures\\ABP_4DSM\\frontend\\src\\components\\MapView.web.tsx": {"path":"C:\\Users\\Samuel\\Pictures\\ABP_4DSM\\frontend\\src\\components\\MapView.web.tsx","statementMap":{"0":{"start":{"line":34,"column":22},"end":{"line":39,"column":1}},"1":{"start":{"line":45,"column":19},"end":{"line":51,"column":2}},"2":{"start":{"line":54,"column":21},"end":{"line":62,"column":2}},"3":{"start":{"line":64,"column":46},"end":{"line":134,"column":1}},"4":{"start":{"line":65,"column":23},"end":{"line":71,"column":3}},"5":{"start":{"line":65,"column":46},"end":{"line":69,"column":3}},"6":{"start":{"line":70,"column":14},"end":{"line":70,"column":65}},"7":{"start":{"line":73,"column":43},"end":{"line":78,"column":55}},"8":{"start":{"line":75,"column":40},"end":{"line":75,"column":56}},"9":{"start":{"line":76,"column":40},"end":{"line":76,"column":57}},"10":{"start":{"line":80,"column":2},"end":{"line":84,"column":5}},"11":{"start":{"line":88,"column":20},"end":{"line":88,"column":84}},"12":{"start":{"line":90,"column":2},"end":{"line":133,"column":3}},"13":{"start":{"line":91,"column":4},"end":{"line":125,"column":6}},"14":{"start":{"line":109,"column":12},"end":{"line":121,"column":28}},"15":{"start":{"line":115,"column":18},"end":{"line":115,"column":78}},"16":{"start":{"line":116,"column":18},"end":{"line":116,"column":63}},"17":{"start":{"line":127,"column":4},"end":{"line":127,"column":63}},"18":{"start":{"line":128,"column":4},"end":{"line":132,"column":6}},"19":{"start":{"line":136,"column":15},"end":{"line":145,"column":2}}},"fnMap":{"0":{"name":"(anonymous_0)","decl":{"start":{"line":64,"column":46},"end":{"line":64,"column":47}},"loc":{"start":{"line":64,"column":128},"end":{"line":134,"column":1}},"line":64},"1":{"name":"(anonymous_1)","decl":{"start":{"line":65,"column":35},"end":{"line":65,"column":36}},"loc":{"start":{"line":65,"column":46},"end":{"line":69,"column":3}},"line":65},"2":{"name":"(anonymous_2)","decl":{"start":{"line":70,"column":4},"end":{"line":70,"column":5}},"loc":{"start":{"line":70,"column":14},"end":{"line":70,"column":65}},"line":70},"3":{"name":"(anonymous_3)","decl":{"start":{"line":75,"column":28},"end":{"line":75,"column":29}},"loc":{"start":{"line":75,"column":40},"end":{"line":75,"column":56}},"line":75},"4":{"name":"(anonymous_4)","decl":{"start":{"line":76,"column":28},"end":{"line":76,"column":29}},"loc":{"start":{"line":76,"column":40},"end":{"line":76,"column":57}},"line":76},"5":{"name":"(anonymous_5)","decl":{"start":{"line":108,"column":28},"end":{"line":108,"column":29}},"loc":{"start":{"line":109,"column":12},"end":{"line":121,"column":28}},"line":109},"6":{"name":"(anonymous_6)","decl":{"start":{"line":114,"column":23},"end":{"line":114,"column":24}},"loc":{"start":{"line":114,"column":29},"end":{"line":117,"column":17}},"line":114}},"branchMap":{"0":{"loc":{"start":{"line":64,"column":49},"end":{"line":64,"column":61}},"type":"default-arg","locations":[{"start":{"line":64,"column":59},"end":{"line":64,"column":61}}],"line":64},"1":{"loc":{"start":{"line":64,"column":63},"end":{"line":64,"column":92}},"type":"default-arg","locations":[{"start":{"line":64,"column":79},"end":{"line":64,"column":92}}],"line":64},"2":{"loc":{"start":{"line":66,"column":14},"end":{"line":66,"column":34}},"type":"binary-expr","locations":[{"start":{"line":66,"column":14},"end":{"line":66,"column":29}},{"start":{"line":66,"column":33},"end":{"line":66,"column":34}}],"line":66},"3":{"loc":{"start":{"line":67,"column":15},"end":{"line":67,"column":36}},"type":"binary-expr","locations":[{"start":{"line":67,"column":15},"end":{"line":67,"column":31}},{"start":{"line":67,"column":35},"end":{"line":67,"column":36}}],"line":67},"4":{"loc":{"start":{"line":68,"column":11},"end":{"line":68,"column":36}},"type":"binary-expr","locations":[{"start":{"line":68,"column":11},"end":{"line":68,"column":23}},{"start":{"line":68,"column":27},"end":{"line":68,"column":36}}],"line":68},"5":{"loc":{"start":{"line":70,"column":14},"end":{"line":70,"column":65}},"type":"binary-expr","locations":[{"start":{"line":70,"column":14},"end":{"line":70,"column":37}},{"start":{"line":70,"column":41},"end":{"line":70,"column":65}}],"line":70},"6":{"loc":{"start":{"line":73,"column":43},"end":{"line":78,"column":55}},"type":"cond-expr","locations":[{"start":{"line":74,"column":6},"end":{"line":77,"column":7}},{"start":{"line":78,"column":6},"end":{"line":78,"column":55}}],"line":73},"7":{"loc":{"start":{"line":88,"column":20},"end":{"line":88,"column":84}},"type":"cond-expr","locations":[{"start":{"line":88,"column":59},"end":{"line":88,"column":69}},{"start":{"line":88,"column":72},"end":{"line":88,"column":84}}],"line":88},"8":{"loc":{"start":{"line":102,"column":11},"end":{"line":107,"column":11}},"type":"binary-expr","locations":[{"start":{"line":102,"column":11},"end":{"line":102,"column":16}},{"start":{"line":102,"column":20},"end":{"line":102,"column":49}},{"start":{"line":102,"column":53},"end":{"line":102,"column":92}},{"start":{"line":103,"column":12},"end":{"line":106,"column":14}}],"line":102},"9":{"loc":{"start":{"line":116,"column":18},"end":{"line":116,"column":62}},"type":"binary-expr","locations":[{"start":{"line":116,"column":18},"end":{"line":116,"column":31}},{"start":{"line":116,"column":35},"end":{"line":116,"column":62}}],"line":116}},"s":{"0":0,"1":0,"2":0,"3":0,"4":0,"5":0,"6":0,"7":0,"8":0,"9":0,"10":0,"11":0,"12":0,"13":0,"14":0,"15":0,"16":0,"17":0,"18":0,"19":0},"f":{"0":0,"1":0,"2":0,"3":0,"4":0,"5":0,"6":0},"b":{"0":[0],"1":[0],"2":[0,0],"3":[0,0],"4":[0,0],"5":[0,0],"6":[0,0],"7":[0,0],"8":[0,0,0,0],"9":[0,0]}}
,"C:\\Users\\Samuel\\Pictures\\ABP_4DSM\\frontend\\src\\components\\MovementChart.tsx": {"path":"C:\\Users\\Samuel\\Pictures\\ABP_4DSM\\frontend\\src\\components\\MovementChart.tsx","statementMap":{"0":{"start":{"line":12,"column":52},"end":{"line":184,"column":1}},"1":{"start":{"line":13,"column":22},"end":{"line":13,"column":52}},"2":{"start":{"line":14,"column":21},"end":{"line":14,"column":38}},"3":{"start":{"line":15,"column":22},"end":{"line":15,"column":25}},"4":{"start":{"line":17,"column":36},"end":{"line":17,"column":81}},"5":{"start":{"line":18,"column":36},"end":{"line":18,"column":68}},"6":{"start":{"line":21,"column":28},"end":{"line":32,"column":3}},"7":{"start":{"line":22,"column":18},"end":{"line":22,"column":60}},"8":{"start":{"line":22,"column":37},"end":{"line":22,"column":60}},"9":{"start":{"line":23,"column":14},"end":{"line":23,"column":18}},"10":{"start":{"line":24,"column":17},"end":{"line":24,"column":45}},"11":{"start":{"line":25,"column":17},"end":{"line":25,"column":45}},"12":{"start":{"line":26,"column":17},"end":{"line":26,"column":33}},"13":{"start":{"line":27,"column":17},"end":{"line":27,"column":33}},"14":{"start":{"line":29,"column":14},"end":{"line":29,"column":97}},"15":{"start":{"line":30,"column":14},"end":{"line":30,"column":41}},"16":{"start":{"line":31,"column":4},"end":{"line":31,"column":24}},"17":{"start":{"line":35,"column":32},"end":{"line":98,"column":3}},"18":{"start":{"line":36,"column":4},"end":{"line":39,"column":5}},"19":{"start":{"line":37,"column":6},"end":{"line":37,"column":112}},"20":{"start":{"line":38,"column":6},"end":{"line":38,"column":16}},"21":{"start":{"line":41,"column":4},"end":{"line":41,"column":91}},"22":{"start":{"line":43,"column":51},"end":{"line":43,"column":53}},"23":{"start":{"line":45,"column":4},"end":{"line":82,"column":5}},"24":{"start":{"line":45,"column":17},"end":{"line":45,"column":18}},"25":{"start":{"line":46,"column":22},"end":{"line":46,"column":32}},"26":{"start":{"line":47,"column":19},"end":{"line":47,"column":33}},"27":{"start":{"line":49,"column":6},"end":{"line":81,"column":7}},"28":{"start":{"line":59,"column":25},"end":{"line":62,"column":9}},"29":{"start":{"line":64,"column":21},"end":{"line":64,"column":48}},"30":{"start":{"line":65,"column":20},"end":{"line":65,"column":103}},"31":{"start":{"line":67,"column":8},"end":{"line":67,"column":62}},"32":{"start":{"line":69,"column":8},"end":{"line":80,"column":11}},"33":{"start":{"line":84,"column":23},"end":{"line":87,"column":7}},"34":{"start":{"line":84,"column":75},"end":{"line":87,"column":5}},"35":{"start":{"line":89,"column":4},"end":{"line":89,"column":71}},"36":{"start":{"line":91,"column":4},"end":{"line":97,"column":7}},"37":{"start":{"line":92,"column":24},"end":{"line":95,"column":7}},"38":{"start":{"line":93,"column":35},"end":{"line":93,"column":61}},"39":{"start":{"line":94,"column":8},"end":{"line":94,"column":56}},"40":{"start":{"line":96,"column":6},"end":{"line":96,"column":51}},"41":{"start":{"line":101,"column":20},"end":{"line":101,"column":91}},"42":{"start":{"line":103,"column":2},"end":{"line":110,"column":3}},"43":{"start":{"line":104,"column":4},"end":{"line":104,"column":119}},"44":{"start":{"line":105,"column":4},"end":{"line":109,"column":6}},"45":{"start":{"line":113,"column":17},"end":{"line":113,"column":45}},"46":{"start":{"line":113,"column":38},"end":{"line":113,"column":44}},"47":{"start":{"line":114,"column":17},"end":{"line":114,"column":46}},"48":{"start":{"line":114,"column":38},"end":{"line":114,"column":45}},"49":{"start":{"line":115,"column":24},"end":{"line":115,"column":52}},"50":{"start":{"line":116,"column":26},"end":{"line":116,"column":98}},"51":{"start":{"line":116,"column":56},"end":{"line":116,"column":96}},"52":{"start":{"line":119,"column":22},"end":{"line":133,"column":3}},"53":{"start":{"line":123,"column":28},"end":{"line":123,"column":53}},"54":{"start":{"line":124,"column":33},"end":{"line":124,"column":63}},"55":{"start":{"line":135,"column":2},"end":{"line":183,"column":4}},"56":{"start":{"line":141,"column":63},"end":{"line":141,"column":127}},"57":{"start":{"line":144,"column":63},"end":{"line":144,"column":114}},"58":{"start":{"line":186,"column":15},"end":{"line":228,"column":2}}},"fnMap":{"0":{"name":"(anonymous_0)","decl":{"start":{"line":12,"column":52},"end":{"line":12,"column":53}},"loc":{"start":{"line":12,"column":93},"end":{"line":184,"column":1}},"line":12},"1":{"name":"(anonymous_1)","decl":{"start":{"line":21,"column":28},"end":{"line":21,"column":29}},"loc":{"start":{"line":21,"column":92},"end":{"line":32,"column":3}},"line":21},"2":{"name":"(anonymous_2)","decl":{"start":{"line":22,"column":18},"end":{"line":22,"column":19}},"loc":{"start":{"line":22,"column":37},"end":{"line":22,"column":60}},"line":22},"3":{"name":"(anonymous_3)","decl":{"start":{"line":35,"column":32},"end":{"line":35,"column":33}},"loc":{"start":{"line":35,"column":73},"end":{"line":98,"column":3}},"line":35},"4":{"name":"(anonymous_4)","decl":{"start":{"line":84,"column":55},"end":{"line":84,"column":56}},"loc":{"start":{"line":84,"column":75},"end":{"line":87,"column":5}},"line":84},"5":{"name":"(anonymous_5)","decl":{"start":{"line":91,"column":27},"end":{"line":91,"column":28}},"loc":{"start":{"line":91,"column":37},"end":{"line":97,"column":5}},"line":91},"6":{"name":"(anonymous_6)","decl":{"start":{"line":92,"column":24},"end":{"line":92,"column":25}},"loc":{"start":{"line":92,"column":41},"end":{"line":95,"column":7}},"line":92},"7":{"name":"(anonymous_7)","decl":{"start":{"line":113,"column":31},"end":{"line":113,"column":32}},"loc":{"start":{"line":113,"column":38},"end":{"line":113,"column":44}},"line":113},"8":{"name":"(anonymous_8)","decl":{"start":{"line":114,"column":31},"end":{"line":114,"column":32}},"loc":{"start":{"line":114,"column":38},"end":{"line":114,"column":45}},"line":114},"9":{"name":"(anonymous_9)","decl":{"start":{"line":116,"column":37},"end":{"line":116,"column":38}},"loc":{"start":{"line":116,"column":56},"end":{"line":116,"column":96}},"line":116},"10":{"name":"(anonymous_10)","decl":{"start":{"line":123,"column":11},"end":{"line":123,"column":12}},"loc":{"start":{"line":123,"column":28},"end":{"line":123,"column":53}},"line":123},"11":{"name":"(anonymous_11)","decl":{"start":{"line":124,"column":16},"end":{"line":124,"column":17}},"loc":{"start":{"line":124,"column":33},"end":{"line":124,"column":63}},"line":124},"12":{"name":"(anonymous_12)","decl":{"start":{"line":141,"column":57},"end":{"line":141,"column":58}},"loc":{"start":{"line":141,"column":63},"end":{"line":141,"column":127}},"line":141},"13":{"name":"(anonymous_13)","decl":{"start":{"line":144,"column":57},"end":{"line":144,"column":58}},"loc":{"start":{"line":144,"column":63},"end":{"line":144,"column":114}},"line":144}},"branchMap":{"0":{"loc":{"start":{"line":36,"column":4},"end":{"line":39,"column":5}},"type":"if","locations":[{"start":{"line":36,"column":4},"end":{"line":39,"column":5}},{"start":{},"end":{}}],"line":36},"1":{"loc":{"start":{"line":36,"column":8},"end":{"line":36,"column":38}},"type":"binary-expr","locations":[{"start":{"line":36,"column":8},"end":{"line":36,"column":16}},{"start":{"line":36,"column":20},"end":{"line":36,"column":38}}],"line":36},"2":{"loc":{"start":{"line":49,"column":6},"end":{"line":81,"column":7}},"type":"if","locations":[{"start":{"line":49,"column":6},"end":{"line":81,"column":7}},{"start":{"line":68,"column":13},"end":{"line":81,"column":7}}],"line":49},"3":{"loc":{"start":{"line":50,"column":8},"end":{"line":57,"column":50}},"type":"binary-expr","locations":[{"start":{"line":50,"column":8},"end":{"line":50,"column":44}},{"start":{"line":51,"column":8},"end":{"line":51,"column":45}},{"start":{"line":52,"column":8},"end":{"line":52,"column":41}},{"start":{"line":53,"column":8},"end":{"line":53,"column":42}},{"start":{"line":54,"column":8},"end":{"line":54,"column":25}},{"start":{"line":55,"column":8},"end":{"line":55,"column":22}},{"start":{"line":56,"column":8},"end":{"line":56,"column":53}},{"start":{"line":57,"column":8},"end":{"line":57,"column":50}}],"line":50},"4":{"loc":{"start":{"line":67,"column":28},"end":{"line":67,"column":49}},"type":"binary-expr","locations":[{"start":{"line":67,"column":28},"end":{"line":67,"column":44}},{"start":{"line":67,"column":48},"end":{"line":67,"column":49}}],"line":67},"5":{"loc":{"start":{"line":101,"column":20},"end":{"line":101,"column":91}},"type":"cond-expr","locations":[{"start":{"line":101,"column":47},"end":{"line":101,"column":65}},{"start":{"line":101,"column":68},"end":{"line":101,"column":91}}],"line":101},"6":{"loc":{"start":{"line":101,"column":47},"end":{"line":101,"column":65}},"type":"binary-expr","locations":[{"start":{"line":101,"column":47},"end":{"line":101,"column":59}},{"start":{"line":101,"column":63},"end":{"line":101,"column":65}}],"line":101},"7":{"loc":{"start":{"line":103,"column":2},"end":{"line":110,"column":3}},"type":"if","locations":[{"start":{"line":103,"column":2},"end":{"line":110,"column":3}},{"start":{},"end":{}}],"line":103},"8":{"loc":{"start":{"line":116,"column":56},"end":{"line":116,"column":96}},"type":"cond-expr","locations":[{"start":{"line":116,"column":86},"end":{"line":116,"column":91}},{"start":{"line":116,"column":94},"end":{"line":116,"column":96}}],"line":116},"9":{"loc":{"start":{"line":122,"column":19},"end":{"line":122,"column":51}},"type":"cond-expr","locations":[{"start":{"line":122,"column":46},"end":{"line":122,"column":47}},{"start":{"line":122,"column":50},"end":{"line":122,"column":51}}],"line":122},"10":{"loc":{"start":{"line":123,"column":12},"end":{"line":123,"column":23}},"type":"default-arg","locations":[{"start":{"line":123,"column":22},"end":{"line":123,"column":23}}],"line":123},"11":{"loc":{"start":{"line":124,"column":17},"end":{"line":124,"column":28}},"type":"default-arg","locations":[{"start":{"line":124,"column":27},"end":{"line":124,"column":28}}],"line":124},"12":{"loc":{"start":{"line":138,"column":9},"end":{"line":138,"column":100}},"type":"cond-expr","locations":[{"start":{"line":138,"column":36},"end":{"line":138,"column":62}},{"start":{"line":138,"column":65},"end":{"line":138,"column":100}}],"line":138},"13":{"loc":{"start":{"line":141,"column":76},"end":{"line":141,"column":126}},"type":"cond-expr","locations":[{"start":{"line":141,"column":103},"end":{"line":141,"column":113}},{"start":{"line":141,"column":116},"end":{"line":141,"column":126}}],"line":141},"14":{"loc":{"start":{"line":142,"column":49},"end":{"line":142,"column":102}},"type":"cond-expr","locations":[{"start":{"line":142,"column":76},"end":{"line":142,"column":88}},{"start":{"line":142,"column":91},"end":{"line":142,"column":102}}],"line":142},"15":{"loc":{"start":{"line":144,"column":76},"end":{"line":144,"column":113}},"type":"cond-expr","locations":[{"start":{"line":144,"column":99},"end":{"line":144,"column":104}},{"start":{"line":144,"column":107},"end":{"line":144,"column":113}}],"line":144},"16":{"loc":{"start":{"line":145,"column":52},"end":{"line":145,"column":92}},"type":"cond-expr","locations":[{"start":{"line":145,"column":75},"end":{"line":145,"column":82}},{"start":{"line":145,"column":85},"end":{"line":145,"column":92}}],"line":145},"17":{"loc":{"start":{"line":149,"column":9},"end":{"line":180,"column":9}},"type":"cond-expr","locations":[{"start":{"line":150,"column":10},"end":{"line":165,"column":12}},{"start":{"line":167,"column":10},"end":{"line":179,"column":12}}],"line":149},"18":{"loc":{"start":{"line":158,"column":25},"end":{"line":158,"column":66}},"type":"cond-expr","locations":[{"start":{"line":158,"column":52},"end":{"line":158,"column":58}},{"start":{"line":158,"column":61},"end":{"line":158,"column":66}}],"line":158},"19":{"loc":{"start":{"line":175,"column":25},"end":{"line":175,"column":66}},"type":"cond-expr","locations":[{"start":{"line":175,"column":52},"end":{"line":175,"column":58}},{"start":{"line":175,"column":61},"end":{"line":175,"column":66}}],"line":175}},"s":{"0":0,"1":0,"2":0,"3":0,"4":0,"5":0,"6":0,"7":0,"8":0,"9":0,"10":0,"11":0,"12":0,"13":0,"14":0,"15":0,"16":0,"17":0,"18":0,"19":0,"20":0,"21":0,"22":0,"23":0,"24":0,"25":0,"26":0,"27":0,"28":0,"29":0,"30":0,"31":0,"32":0,"33":0,"34":0,"35":0,"36":0,"37":0,"38":0,"39":0,"40":0,"41":0,"42":0,"43":0,"44":0,"45":0,"46":0,"47":0,"48":0,"49":0,"50":0,"51":0,"52":0,"53":0,"54":0,"55":0,"56":0,"57":0,"58":0},"f":{"0":0,"1":0,"2":0,"3":0,"4":0,"5":0,"6":0,"7":0,"8":0,"9":0,"10":0,"11":0,"12":0,"13":0},"b":{"0":[0,0],"1":[0,0],"2":[0,0],"3":[0,0,0,0,0,0,0,0],"4":[0,0],"5":[0,0],"6":[0,0],"7":[0,0],"8":[0,0],"9":[0,0],"10":[0],"11":[0],"12":[0,0],"13":[0,0],"14":[0,0],"15":[0,0],"16":[0,0],"17":[0,0],"18":[0,0],"19":[0,0]}}
,"C:\\Users\\Samuel\\Pictures\\ABP_4DSM\\frontend\\src\\components\\Navbar.tsx": {"path":"C:\\Users\\Samuel\\Pictures\\ABP_4DSM\\frontend\\src\\components\\Navbar.tsx","statementMap":{"0":{"start":{"line":5,"column":18},"end":{"line":5,"column":42}},"1":{"start":{"line":14,"column":14},"end":{"line":14,"column":64}},"2":{"start":{"line":14,"column":45},"end":{"line":14,"column":64}},"3":{"start":{"line":16,"column":18},"end":{"line":21,"column":2}},"4":{"start":{"line":23,"column":17},"end":{"line":28,"column":2}},"5":{"start":{"line":30,"column":17},"end":{"line":35,"column":2}},"6":{"start":{"line":37,"column":38},"end":{"line":72,"column":1}},"7":{"start":{"line":38,"column":4},"end":{"line":71,"column":6}},"8":{"start":{"line":74,"column":15},"end":{"line":104,"column":2}}},"fnMap":{"0":{"name":"(anonymous_0)","decl":{"start":{"line":14,"column":14},"end":{"line":14,"column":15}},"loc":{"start":{"line":14,"column":45},"end":{"line":14,"column":64}},"line":14},"1":{"name":"(anonymous_1)","decl":{"start":{"line":37,"column":38},"end":{"line":37,"column":39}},"loc":{"start":{"line":37,"column":103},"end":{"line":72,"column":1}},"line":37}},"branchMap":{"0":{"loc":{"start":{"line":44,"column":27},"end":{"line":44,"column":67}},"type":"cond-expr","locations":[{"start":{"line":44,"column":49},"end":{"line":44,"column":58}},{"start":{"line":44,"column":61},"end":{"line":44,"column":67}}],"line":44},"1":{"loc":{"start":{"line":46,"column":58},"end":{"line":46,"column":101}},"type":"binary-expr","locations":[{"start":{"line":46,"column":58},"end":{"line":46,"column":77}},{"start":{"line":46,"column":81},"end":{"line":46,"column":101}}],"line":46},"2":{"loc":{"start":{"line":54,"column":27},"end":{"line":54,"column":72}},"type":"cond-expr","locations":[{"start":{"line":54,"column":54},"end":{"line":54,"column":63}},{"start":{"line":54,"column":66},"end":{"line":54,"column":72}}],"line":54},"3":{"loc":{"start":{"line":56,"column":58},"end":{"line":56,"column":106}},"type":"binary-expr","locations":[{"start":{"line":56,"column":58},"end":{"line":56,"column":82}},{"start":{"line":56,"column":86},"end":{"line":56,"column":106}}],"line":56},"4":{"loc":{"start":{"line":64,"column":27},"end":{"line":64,"column":70}},"type":"cond-expr","locations":[{"start":{"line":64,"column":52},"end":{"line":64,"column":61}},{"start":{"line":64,"column":64},"end":{"line":64,"column":70}}],"line":64},"5":{"loc":{"start":{"line":66,"column":58},"end":{"line":66,"column":104}},"type":"binary-expr","locations":[{"start":{"line":66,"column":58},"end":{"line":66,"column":80}},{"start":{"line":66,"column":84},"end":{"line":66,"column":104}}],"line":66}},"s":{"0":0,"1":0,"2":0,"3":0,"4":0,"5":0,"6":0,"7":0,"8":0},"f":{"0":0,"1":0},"b":{"0":[0,0],"1":[0,0],"2":[0,0],"3":[0,0],"4":[0,0],"5":[0,0]}}
,"C:\\Users\\Samuel\\Pictures\\ABP_4DSM\\frontend\\src\\components\\ParallaxScrollView.tsx": {"path":"C:\\Users\\Samuel\\Pictures\\ABP_4DSM\\frontend\\src\\components\\ParallaxScrollView.tsx","statementMap":{"0":{"start":{"line":14,"column":22},"end":{"line":14,"column":25}},"1":{"start":{"line":26,"column":22},"end":{"line":26,"column":49}},"2":{"start":{"line":27,"column":20},"end":{"line":27,"column":57}},"3":{"start":{"line":28,"column":23},"end":{"line":28,"column":53}},"4":{"start":{"line":29,"column":17},"end":{"line":29,"column":39}},"5":{"start":{"line":30,"column":30},"end":{"line":45,"column":4}},"6":{"start":{"line":31,"column":4},"end":{"line":44,"column":6}},"7":{"start":{"line":47,"column":2},"end":{"line":65,"column":4}},"8":{"start":{"line":68,"column":15},"end":{"line":82,"column":2}}},"fnMap":{"0":{"name":"ParallaxScrollView","decl":{"start":{"line":21,"column":24},"end":{"line":21,"column":42}},"loc":{"start":{"line":25,"column":10},"end":{"line":66,"column":1}},"line":25},"1":{"name":"(anonymous_1)","decl":{"start":{"line":30,"column":47},"end":{"line":30,"column":48}},"loc":{"start":{"line":30,"column":53},"end":{"line":45,"column":3}},"line":30}},"branchMap":{"0":{"loc":{"start":{"line":26,"column":22},"end":{"line":26,"column":49}},"type":"binary-expr","locations":[{"start":{"line":26,"column":22},"end":{"line":26,"column":38}},{"start":{"line":26,"column":42},"end":{"line":26,"column":49}}],"line":26}},"s":{"0":0,"1":0,"2":0,"3":0,"4":0,"5":0,"6":0,"7":0,"8":0},"f":{"0":0,"1":0},"b":{"0":[0,0]}}
,"C:\\Users\\Samuel\\Pictures\\ABP_4DSM\\frontend\\src\\components\\ResetPasswordPopup.tsx": {"path":"C:\\Users\\Samuel\\Pictures\\ABP_4DSM\\frontend\\src\\components\\ResetPasswordPopup.tsx","statementMap":{"0":{"start":{"line":18,"column":18},"end":{"line":18,"column":40}},"1":{"start":{"line":20,"column":26},"end":{"line":20,"column":50}},"2":{"start":{"line":28,"column":62},"end":{"line":114,"column":1}},"3":{"start":{"line":29,"column":26},"end":{"line":29,"column":38}},"4":{"start":{"line":30,"column":40},"end":{"line":30,"column":52}},"5":{"start":{"line":32,"column":30},"end":{"line":54,"column":3}},"6":{"start":{"line":33,"column":4},"end":{"line":36,"column":5}},"7":{"start":{"line":34,"column":6},"end":{"line":34,"column":89}},"8":{"start":{"line":35,"column":6},"end":{"line":35,"column":13}},"9":{"start":{"line":38,"column":4},"end":{"line":41,"column":5}},"10":{"start":{"line":39,"column":6},"end":{"line":39,"column":86}},"11":{"start":{"line":40,"column":6},"end":{"line":40,"column":13}},"12":{"start":{"line":43,"column":4},"end":{"line":53,"column":5}},"13":{"start":{"line":44,"column":6},"end":{"line":44,"column":52}},"14":{"start":{"line":45,"column":6},"end":{"line":45,"column":91}},"15":{"start":{"line":46,"column":6},"end":{"line":46,"column":18}},"16":{"start":{"line":47,"column":6},"end":{"line":47,"column":25}},"17":{"start":{"line":48,"column":6},"end":{"line":48,"column":16}},"18":{"start":{"line":50,"column":6},"end":{"line":50,"column":61}},"19":{"start":{"line":51,"column":22},"end":{"line":51,"column":130}},"20":{"start":{"line":52,"column":6},"end":{"line":52,"column":35}},"21":{"start":{"line":56,"column":27},"end":{"line":64,"column":3}},"22":{"start":{"line":57,"column":4},"end":{"line":63,"column":5}},"23":{"start":{"line":58,"column":6},"end":{"line":58,"column":40}},"24":{"start":{"line":59,"column":6},"end":{"line":59,"column":72}},"25":{"start":{"line":61,"column":6},"end":{"line":61,"column":61}},"26":{"start":{"line":62,"column":6},"end":{"line":62,"column":115}},"27":{"start":{"line":66,"column":2},"end":{"line":113,"column":4}},"28":{"start":{"line":116,"column":14},"end":{"line":116,"column":64}},"29":{"start":{"line":116,"column":45},"end":{"line":116,"column":64}},"30":{"start":{"line":118,"column":15},"end":{"line":240,"column":2}}},"fnMap":{"0":{"name":"(anonymous_0)","decl":{"start":{"line":28,"column":62},"end":{"line":28,"column":63}},"loc":{"start":{"line":28,"column":95},"end":{"line":114,"column":1}},"line":28},"1":{"name":"(anonymous_1)","decl":{"start":{"line":32,"column":30},"end":{"line":32,"column":31}},"loc":{"start":{"line":32,"column":42},"end":{"line":54,"column":3}},"line":32},"2":{"name":"(anonymous_2)","decl":{"start":{"line":56,"column":27},"end":{"line":56,"column":28}},"loc":{"start":{"line":56,"column":39},"end":{"line":64,"column":3}},"line":56},"3":{"name":"(anonymous_3)","decl":{"start":{"line":116,"column":14},"end":{"line":116,"column":15}},"loc":{"start":{"line":116,"column":45},"end":{"line":116,"column":64}},"line":116}},"branchMap":{"0":{"loc":{"start":{"line":33,"column":4},"end":{"line":36,"column":5}},"type":"if","locations":[{"start":{"line":33,"column":4},"end":{"line":36,"column":5}},{"start":{},"end":{}}],"line":33},"1":{"loc":{"start":{"line":33,"column":8},"end":{"line":33,"column":29}},"type":"binary-expr","locations":[{"start":{"line":33,"column":8},"end":{"line":33,"column":13}},{"start":{"line":33,"column":17},"end":{"line":33,"column":29}}],"line":33},"2":{"loc":{"start":{"line":38,"column":4},"end":{"line":41,"column":5}},"type":"if","locations":[{"start":{"line":38,"column":4},"end":{"line":41,"column":5}},{"start":{},"end":{}}],"line":38},"3":{"loc":{"start":{"line":51,"column":22},"end":{"line":51,"column":130}},"type":"binary-expr","locations":[{"start":{"line":51,"column":22},"end":{"line":51,"column":51}},{"start":{"line":51,"column":55},"end":{"line":51,"column":130}}],"line":51},"4":{"loc":{"start":{"line":62,"column":26},"end":{"line":62,"column":113}},"type":"binary-expr","locations":[{"start":{"line":62,"column":26},"end":{"line":62,"column":55}},{"start":{"line":62,"column":59},"end":{"line":62,"column":113}}],"line":62},"5":{"loc":{"start":{"line":74,"column":18},"end":{"line":74,"column":62}},"type":"cond-expr","locations":[{"start":{"line":74,"column":42},"end":{"line":74,"column":51}},{"start":{"line":74,"column":54},"end":{"line":74,"column":62}}],"line":74},"6":{"loc":{"start":{"line":129,"column":14},"end":{"line":129,"column":53}},"type":"cond-expr","locations":[{"start":{"line":129,"column":28},"end":{"line":129,"column":39}},{"start":{"line":129,"column":42},"end":{"line":129,"column":53}}],"line":129}},"s":{"0":0,"1":0,"2":0,"3":0,"4":0,"5":0,"6":0,"7":0,"8":0,"9":0,"10":0,"11":0,"12":0,"13":0,"14":0,"15":0,"16":0,"17":0,"18":0,"19":0,"20":0,"21":0,"22":0,"23":0,"24":0,"25":0,"26":0,"27":0,"28":0,"29":0,"30":0},"f":{"0":0,"1":0,"2":0,"3":0},"b":{"0":[0,0],"1":[0,0],"2":[0,0],"3":[0,0],"4":[0,0],"5":[0,0],"6":[0,0]}}
,"C:\\Users\\Samuel\\Pictures\\ABP_4DSM\\frontend\\src\\components\\RouteSelectorPopup.tsx": {"path":"C:\\Users\\Samuel\\Pictures\\ABP_4DSM\\frontend\\src\\components\\RouteSelectorPopup.tsx","statementMap":{"0":{"start":{"line":21,"column":26},"end":{"line":21,"column":50}},"1":{"start":{"line":30,"column":62},"end":{"line":283,"column":1}},"2":{"start":{"line":36,"column":50},"end":{"line":36,"column":79}},"3":{"start":{"line":37,"column":36},"end":{"line":37,"column":56}},"4":{"start":{"line":38,"column":36},"end":{"line":38,"column":56}},"5":{"start":{"line":39,"column":32},"end":{"line":39,"column":52}},"6":{"start":{"line":40,"column":32},"end":{"line":40,"column":52}},"7":{"start":{"line":41,"column":30},"end":{"line":41,"column":70}},"8":{"start":{"line":42,"column":38},"end":{"line":42,"column":62}},"9":{"start":{"line":43,"column":28},"end":{"line":43,"column":48}},"10":{"start":{"line":44,"column":44},"end":{"line":44,"column":79}},"11":{"start":{"line":45,"column":48},"end":{"line":45,"column":63}},"12":{"start":{"line":46,"column":19},"end":{"line":46,"column":53}},"13":{"start":{"line":48,"column":18},"end":{"line":48,"column":43}},"14":{"start":{"line":50,"column":23},"end":{"line":52,"column":3}},"15":{"start":{"line":51,"column":4},"end":{"line":51,"column":44}},"16":{"start":{"line":54,"column":23},"end":{"line":56,"column":3}},"17":{"start":{"line":55,"column":4},"end":{"line":55,"column":38}},"18":{"start":{"line":59,"column":25},"end":{"line":78,"column":3}},"19":{"start":{"line":60,"column":4},"end":{"line":77,"column":5}},"20":{"start":{"line":61,"column":20},"end":{"line":61,"column":59}},"21":{"start":{"line":62,"column":6},"end":{"line":62,"column":45}},"22":{"start":{"line":63,"column":6},"end":{"line":65,"column":7}},"23":{"start":{"line":64,"column":8},"end":{"line":64,"column":58}},"24":{"start":{"line":66,"column":23},"end":{"line":69,"column":8}},"25":{"start":{"line":70,"column":6},"end":{"line":70,"column":43}},"26":{"start":{"line":72,"column":6},"end":{"line":72,"column":55}},"27":{"start":{"line":73,"column":6},"end":{"line":75,"column":7}},"28":{"start":{"line":74,"column":8},"end":{"line":74,"column":66}},"29":{"start":{"line":76,"column":6},"end":{"line":76,"column":18}},"30":{"start":{"line":80,"column":23},"end":{"line":125,"column":3}},"31":{"start":{"line":81,"column":4},"end":{"line":84,"column":5}},"32":{"start":{"line":82,"column":6},"end":{"line":82,"column":44}},"33":{"start":{"line":83,"column":6},"end":{"line":83,"column":13}},"34":{"start":{"line":87,"column":4},"end":{"line":87,"column":17}},"35":{"start":{"line":89,"column":4},"end":{"line":109,"column":5}},"36":{"start":{"line":90,"column":6},"end":{"line":93,"column":7}},"37":{"start":{"line":91,"column":8},"end":{"line":91,"column":78}},"38":{"start":{"line":92,"column":8},"end":{"line":92,"column":15}},"39":{"start":{"line":94,"column":6},"end":{"line":94,"column":28}},"40":{"start":{"line":95,"column":11},"end":{"line":109,"column":5}},"41":{"start":{"line":96,"column":6},"end":{"line":99,"column":7}},"42":{"start":{"line":97,"column":8},"end":{"line":97,"column":80}},"43":{"start":{"line":98,"column":8},"end":{"line":98,"column":15}},"44":{"start":{"line":100,"column":6},"end":{"line":103,"column":7}},"45":{"start":{"line":101,"column":8},"end":{"line":101,"column":70}},"46":{"start":{"line":102,"column":8},"end":{"line":102,"column":15}},"47":{"start":{"line":104,"column":20},"end":{"line":104,"column":90}},"48":{"start":{"line":105,"column":18},"end":{"line":105,"column":80}},"49":{"start":{"line":106,"column":6},"end":{"line":106,"column":36}},"50":{"start":{"line":107,"column":11},"end":{"line":109,"column":5}},"51":{"start":{"line":108,"column":6},"end":{"line":108,"column":28}},"52":{"start":{"line":111,"column":22},"end":{"line":111,"column":83}},"53":{"start":{"line":112,"column":4},"end":{"line":115,"column":5}},"54":{"start":{"line":113,"column":6},"end":{"line":113,"column":98}},"55":{"start":{"line":114,"column":6},"end":{"line":114,"column":13}},"56":{"start":{"line":117,"column":4},"end":{"line":117,"column":32}},"57":{"start":{"line":118,"column":4},"end":{"line":123,"column":7}},"58":{"start":{"line":124,"column":4},"end":{"line":124,"column":70}},"59":{"start":{"line":127,"column":25},"end":{"line":142,"column":3}},"60":{"start":{"line":128,"column":4},"end":{"line":141,"column":5}},"61":{"start":{"line":129,"column":6},"end":{"line":133,"column":48}},"62":{"start":{"line":133,"column":21},"end":{"line":133,"column":46}},"63":{"start":{"line":135,"column":6},"end":{"line":135,"column":31}},"64":{"start":{"line":136,"column":6},"end":{"line":140,"column":17}},"65":{"start":{"line":144,"column":2},"end":{"line":242,"column":4}},"66":{"start":{"line":173,"column":101},"end":{"line":173,"column":147}},"67":{"start":{"line":174,"column":22},"end":{"line":183,"column":41}},"68":{"start":{"line":178,"column":26},"end":{"line":178,"column":62}},"69":{"start":{"line":179,"column":26},"end":{"line":179,"column":43}},"70":{"start":{"line":194,"column":18},"end":{"line":210,"column":37}},"71":{"start":{"line":200,"column":35},"end":{"line":200,"column":74}},"72":{"start":{"line":250,"column":4},"end":{"line":261,"column":6}},"73":{"start":{"line":270,"column":4},"end":{"line":281,"column":6}},"74":{"start":{"line":285,"column":15},"end":{"line":433,"column":2}}},"fnMap":{"0":{"name":"(anonymous_0)","decl":{"start":{"line":30,"column":62},"end":{"line":30,"column":63}},"loc":{"start":{"line":35,"column":6},"end":{"line":283,"column":1}},"line":35},"1":{"name":"(anonymous_1)","decl":{"start":{"line":50,"column":23},"end":{"line":50,"column":24}},"loc":{"start":{"line":50,"column":50},"end":{"line":52,"column":3}},"line":50},"2":{"name":"(anonymous_2)","decl":{"start":{"line":54,"column":23},"end":{"line":54,"column":24}},"loc":{"start":{"line":54,"column":50},"end":{"line":56,"column":3}},"line":54},"3":{"name":"(anonymous_3)","decl":{"start":{"line":59,"column":25},"end":{"line":59,"column":26}},"loc":{"start":{"line":59,"column":125},"end":{"line":78,"column":3}},"line":59},"4":{"name":"(anonymous_4)","decl":{"start":{"line":80,"column":23},"end":{"line":80,"column":24}},"loc":{"start":{"line":80,"column":35},"end":{"line":125,"column":3}},"line":80},"5":{"name":"(anonymous_5)","decl":{"start":{"line":127,"column":25},"end":{"line":127,"column":26}},"loc":{"start":{"line":127,"column":31},"end":{"line":142,"column":3}},"line":127},"6":{"name":"(anonymous_6)","decl":{"start":{"line":133,"column":15},"end":{"line":133,"column":16}},"loc":{"start":{"line":133,"column":21},"end":{"line":133,"column":46}},"line":133},"7":{"name":"(anonymous_7)","decl":{"start":{"line":173,"column":93},"end":{"line":173,"column":94}},"loc":{"start":{"line":173,"column":101},"end":{"line":173,"column":147}},"line":173},"8":{"name":"(anonymous_8)","decl":{"start":{"line":173,"column":155},"end":{"line":173,"column":156}},"loc":{"start":{"line":174,"column":22},"end":{"line":183,"column":41}},"line":174},"9":{"name":"(anonymous_9)","decl":{"start":{"line":177,"column":33},"end":{"line":177,"column":34}},"loc":{"start":{"line":177,"column":39},"end":{"line":180,"column":25}},"line":177},"10":{"name":"(anonymous_10)","decl":{"start":{"line":193,"column":45},"end":{"line":193,"column":46}},"loc":{"start":{"line":194,"column":18},"end":{"line":210,"column":37}},"line":194},"11":{"name":"(anonymous_11)","decl":{"start":{"line":200,"column":29},"end":{"line":200,"column":30}},"loc":{"start":{"line":200,"column":35},"end":{"line":200,"column":74}},"line":200},"12":{"name":"renderDateInput","decl":{"start":{"line":244,"column":11},"end":{"line":244,"column":26}},"loc":{"start":{"line":249,"column":4},"end":{"line":262,"column":3}},"line":249},"13":{"name":"renderTimeInput","decl":{"start":{"line":264,"column":11},"end":{"line":264,"column":26}},"loc":{"start":{"line":269,"column":4},"end":{"line":282,"column":3}},"line":269}},"branchMap":{"0":{"loc":{"start":{"line":63,"column":6},"end":{"line":65,"column":7}},"type":"if","locations":[{"start":{"line":63,"column":6},"end":{"line":65,"column":7}},{"start":{},"end":{}}],"line":63},"1":{"loc":{"start":{"line":73,"column":6},"end":{"line":75,"column":7}},"type":"if","locations":[{"start":{"line":73,"column":6},"end":{"line":75,"column":7}},{"start":{},"end":{}}],"line":73},"2":{"loc":{"start":{"line":81,"column":4},"end":{"line":84,"column":5}},"type":"if","locations":[{"start":{"line":81,"column":4},"end":{"line":84,"column":5}},{"start":{},"end":{}}],"line":81},"3":{"loc":{"start":{"line":89,"column":4},"end":{"line":109,"column":5}},"type":"if","locations":[{"start":{"line":89,"column":4},"end":{"line":109,"column":5}},{"start":{"line":95,"column":11},"end":{"line":109,"column":5}}],"line":89},"4":{"loc":{"start":{"line":90,"column":6},"end":{"line":93,"column":7}},"type":"if","locations":[{"start":{"line":90,"column":6},"end":{"line":93,"column":7}},{"start":{},"end":{}}],"line":90},"5":{"loc":{"start":{"line":90,"column":10},"end":{"line":90,"column":48}},"type":"binary-expr","locations":[{"start":{"line":90,"column":10},"end":{"line":90,"column":20}},{"start":{"line":90,"column":24},"end":{"line":90,"column":48}}],"line":90},"6":{"loc":{"start":{"line":95,"column":11},"end":{"line":109,"column":5}},"type":"if","locations":[{"start":{"line":95,"column":11},"end":{"line":109,"column":5}},{"start":{"line":107,"column":11},"end":{"line":109,"column":5}}],"line":95},"7":{"loc":{"start":{"line":96,"column":6},"end":{"line":99,"column":7}},"type":"if","locations":[{"start":{"line":96,"column":6},"end":{"line":99,"column":7}},{"start":{},"end":{}}],"line":96},"8":{"loc":{"start":{"line":96,"column":10},"end":{"line":96,"column":86}},"type":"binary-expr","locations":[{"start":{"line":96,"column":10},"end":{"line":96,"column":20}},{"start":{"line":96,"column":24},"end":{"line":96,"column":32}},{"start":{"line":96,"column":36},"end":{"line":96,"column":60}},{"start":{"line":96,"column":64},"end":{"line":96,"column":86}}],"line":96},"9":{"loc":{"start":{"line":100,"column":6},"end":{"line":103,"column":7}},"type":"if","locations":[{"start":{"line":100,"column":6},"end":{"line":103,"column":7}},{"start":{},"end":{}}],"line":100},"10":{"loc":{"start":{"line":100,"column":10},"end":{"line":100,"column":88}},"type":"binary-expr","locations":[{"start":{"line":100,"column":11},"end":{"line":100,"column":20}},{"start":{"line":100,"column":24},"end":{"line":100,"column":48}},{"start":{"line":100,"column":54},"end":{"line":100,"column":61}},{"start":{"line":100,"column":65},"end":{"line":100,"column":87}}],"line":100},"11":{"loc":{"start":{"line":104,"column":20},"end":{"line":104,"column":90}},"type":"cond-expr","locations":[{"start":{"line":104,"column":32},"end":{"line":104,"column":63}},{"start":{"line":104,"column":66},"end":{"line":104,"column":90}}],"line":104},"12":{"loc":{"start":{"line":105,"column":18},"end":{"line":105,"column":80}},"type":"cond-expr","locations":[{"start":{"line":105,"column":28},"end":{"line":105,"column":55}},{"start":{"line":105,"column":58},"end":{"line":105,"column":80}}],"line":105},"13":{"loc":{"start":{"line":107,"column":11},"end":{"line":109,"column":5}},"type":"if","locations":[{"start":{"line":107,"column":11},"end":{"line":109,"column":5}},{"start":{},"end":{}}],"line":107},"14":{"loc":{"start":{"line":112,"column":4},"end":{"line":115,"column":5}},"type":"if","locations":[{"start":{"line":112,"column":4},"end":{"line":115,"column":5}},{"start":{},"end":{}}],"line":112},"15":{"loc":{"start":{"line":128,"column":4},"end":{"line":141,"column":5}},"type":"if","locations":[{"start":{"line":128,"column":4},"end":{"line":141,"column":5}},{"start":{"line":134,"column":11},"end":{"line":141,"column":5}}],"line":128},"16":{"loc":{"start":{"line":161,"column":13},"end":{"line":161,"column":73}},"type":"cond-expr","locations":[{"start":{"line":161,"column":21},"end":{"line":161,"column":66}},{"start":{"line":161,"column":69},"end":{"line":161,"column":73}}],"line":161},"17":{"loc":{"start":{"line":166,"column":19},"end":{"line":166,"column":65}},"type":"binary-expr","locations":[{"start":{"line":166,"column":19},"end":{"line":166,"column":35}},{"start":{"line":166,"column":39},"end":{"line":166,"column":65}}],"line":166},"18":{"loc":{"start":{"line":170,"column":15},"end":{"line":187,"column":15}},"type":"binary-expr","locations":[{"start":{"line":170,"column":15},"end":{"line":170,"column":30}},{"start":{"line":171,"column":16},"end":{"line":186,"column":32}}],"line":170},"19":{"loc":{"start":{"line":175,"column":29},"end":{"line":175,"column":53}},"type":"binary-expr","locations":[{"start":{"line":175,"column":29},"end":{"line":175,"column":43}},{"start":{"line":175,"column":47},"end":{"line":175,"column":53}}],"line":175},"20":{"loc":{"start":{"line":198,"column":22},"end":{"line":198,"column":65}},"type":"binary-expr","locations":[{"start":{"line":198,"column":22},"end":{"line":198,"column":34}},{"start":{"line":198,"column":38},"end":{"line":198,"column":65}}],"line":198},"21":{"loc":{"start":{"line":205,"column":24},"end":{"line":205,"column":71}},"type":"binary-expr","locations":[{"start":{"line":205,"column":24},"end":{"line":205,"column":36}},{"start":{"line":205,"column":40},"end":{"line":205,"column":71}}],"line":205},"22":{"loc":{"start":{"line":208,"column":23},"end":{"line":208,"column":89}},"type":"cond-expr","locations":[{"start":{"line":208,"column":37},"end":{"line":208,"column":42}},{"start":{"line":208,"column":45},"end":{"line":208,"column":89}}],"line":208},"23":{"loc":{"start":{"line":208,"column":45},"end":{"line":208,"column":89}},"type":"cond-expr","locations":[{"start":{"line":208,"column":61},"end":{"line":208,"column":72}},{"start":{"line":208,"column":75},"end":{"line":208,"column":89}}],"line":208},"24":{"loc":{"start":{"line":215,"column":13},"end":{"line":219,"column":13}},"type":"binary-expr","locations":[{"start":{"line":215,"column":13},"end":{"line":215,"column":29}},{"start":{"line":216,"column":14},"end":{"line":218,"column":21}}],"line":215},"25":{"loc":{"start":{"line":221,"column":13},"end":{"line":228,"column":13}},"type":"binary-expr","locations":[{"start":{"line":221,"column":13},"end":{"line":221,"column":31}},{"start":{"line":222,"column":14},"end":{"line":227,"column":21}}],"line":221},"26":{"loc":{"start":{"line":232,"column":43},"end":{"line":232,"column":91}},"type":"binary-expr","locations":[{"start":{"line":232,"column":43},"end":{"line":232,"column":60}},{"start":{"line":232,"column":64},"end":{"line":232,"column":91}}],"line":232},"27":{"loc":{"start":{"line":248,"column":4},"end":{"line":248,"column":38}},"type":"default-arg","locations":[{"start":{"line":248,"column":26},"end":{"line":248,"column":38}}],"line":248},"28":{"loc":{"start":{"line":268,"column":4},"end":{"line":268,"column":33}},"type":"default-arg","locations":[{"start":{"line":268,"column":26},"end":{"line":268,"column":33}}],"line":268}},"s":{"0":0,"1":0,"2":0,"3":0,"4":0,"5":0,"6":0,"7":0,"8":0,"9":0,"10":0,"11":0,"12":0,"13":0,"14":0,"15":0,"16":0,"17":0,"18":0,"19":0,"20":0,"21":0,"22":0,"23":0,"24":0,"25":0,"26":0,"27":0,"28":0,"29":0,"30":0,"31":0,"32":0,"33":0,"34":0,"35":0,"36":0,"37":0,"38":0,"39":0,"40":0,"41":0,"42":0,"43":0,"44":0,"45":0,"46":0,"47":0,"48":0,"49":0,"50":0,"51":0,"52":0,"53":0,"54":0,"55":0,"56":0,"57":0,"58":0,"59":0,"60":0,"61":0,"62":0,"63":0,"64":0,"65":0,"66":0,"67":0,"68":0,"69":0,"70":0,"71":0,"72":0,"73":0,"74":0},"f":{"0":0,"1":0,"2":0,"3":0,"4":0,"5":0,"6":0,"7":0,"8":0,"9":0,"10":0,"11":0,"12":0,"13":0},"b":{"0":[0,0],"1":[0,0],"2":[0,0],"3":[0,0],"4":[0,0],"5":[0,0],"6":[0,0],"7":[0,0],"8":[0,0,0,0],"9":[0,0],"10":[0,0,0,0],"11":[0,0],"12":[0,0],"13":[0,0],"14":[0,0],"15":[0,0],"16":[0,0],"17":[0,0],"18":[0,0],"19":[0,0],"20":[0,0],"21":[0,0],"22":[0,0],"23":[0,0],"24":[0,0],"25":[0,0],"26":[0,0],"27":[0],"28":[0]}}
[...]
line":66,"column":27}},"loc":{"start":{"line":66,"column":38},"end":{"line":73,"column":3}},"line":66},"5":{"name":"(anonymous_5)","decl":{"start":{"line":75,"column":28},"end":{"line":75,"column":29}},"loc":{"start":{"line":75,"column":56},"end":{"line":87,"column":3}},"line":75},"6":{"name":"(anonymous_6)","decl":{"start":{"line":89,"column":12},"end":{"line":89,"column":13}},"loc":{"start":{"line":89,"column":18},"end":{"line":93,"column":3}},"line":89},"7":{"name":"(anonymous_7)","decl":{"start":{"line":92,"column":11},"end":{"line":92,"column":12}},"loc":{"start":{"line":92,"column":17},"end":{"line":92,"column":40}},"line":92},"8":{"name":"(anonymous_8)","decl":{"start":{"line":105,"column":25},"end":{"line":105,"column":26}},"loc":{"start":{"line":106,"column":10},"end":{"line":135,"column":29}},"line":106},"9":{"name":"(anonymous_9)","decl":{"start":{"line":109,"column":21},"end":{"line":109,"column":22}},"loc":{"start":{"line":109,"column":27},"end":{"line":109,"column":65}},"line":109},"10":{"name":"(anonymous_10)","decl":{"start":{"line":141,"column":17},"end":{"line":141,"column":18}},"loc":{"start":{"line":141,"column":23},"end":{"line":144,"column":9}},"line":141},"11":{"name":"(anonymous_11)","decl":{"start":{"line":147,"column":26},"end":{"line":147,"column":27}},"loc":{"start":{"line":147,"column":40},"end":{"line":147,"column":69}},"line":147},"12":{"name":"(anonymous_12)","decl":{"start":{"line":152,"column":21},"end":{"line":152,"column":22}},"loc":{"start":{"line":152,"column":27},"end":{"line":152,"column":54}},"line":152},"13":{"name":"(anonymous_13)","decl":{"start":{"line":153,"column":26},"end":{"line":153,"column":27}},"loc":{"start":{"line":153,"column":32},"end":{"line":153,"column":64}},"line":153},"14":{"name":"(anonymous_14)","decl":{"start":{"line":154,"column":24},"end":{"line":154,"column":25}},"loc":{"start":{"line":154,"column":30},"end":{"line":154,"column":60}},"line":154}},"branchMap":{"0":{"loc":{"start":{"line":69,"column":21},"end":{"line":69,"column":48}},"type":"cond-expr","locations":[{"start":{"line":69,"column":39},"end":{"line":69,"column":43}},{"start":{"line":69,"column":46},"end":{"line":69,"column":48}}],"line":69},"1":{"loc":{"start":{"line":120,"column":24},"end":{"line":120,"column":63}},"type":"binary-expr","locations":[{"start":{"line":120,"column":24},"end":{"line":120,"column":54}},{"start":{"line":120,"column":58},"end":{"line":120,"column":63}}],"line":120},"2":{"loc":{"start":{"line":123,"column":25},"end":{"line":123,"column":65}},"type":"binary-expr","locations":[{"start":{"line":123,"column":25},"end":{"line":123,"column":56}},{"start":{"line":123,"column":60},"end":{"line":123,"column":65}}],"line":123},"3":{"loc":{"start":{"line":131,"column":28},"end":{"line":131,"column":53}},"type":"binary-expr","locations":[{"start":{"line":131,"column":28},"end":{"line":131,"column":47}},{"start":{"line":131,"column":51},"end":{"line":131,"column":53}}],"line":131},"4":{"loc":{"start":{"line":145,"column":18},"end":{"line":145,"column":38}},"type":"binary-expr","locations":[{"start":{"line":145,"column":18},"end":{"line":145,"column":32}},{"start":{"line":145,"column":36},"end":{"line":145,"column":38}}],"line":145},"5":{"loc":{"start":{"line":170,"column":16},"end":{"line":170,"column":47}},"type":"cond-expr","locations":[{"start":{"line":170,"column":40},"end":{"line":170,"column":42}},{"start":{"line":170,"column":45},"end":{"line":170,"column":47}}],"line":170}},"s":{"0":0,"1":0,"2":0,"3":0,"4":0,"5":0,"6":0,"7":0,"8":0,"9":0,"10":0,"11":0,"12":0,"13":0,"14":0,"15":0,"16":0,"17":0,"18":0,"19":0,"20":0,"21":0,"22":0,"23":0,"24":0,"25":0,"26":0,"27":0,"28":0,"29":0,"30":0,"31":0,"32":0,"33":0,"34":0,"35":0,"36":0,"37":0,"38":0,"39":0,"40":0,"41":0,"42":0,"43":0},"f":{"0":0,"1":0,"2":0,"3":0,"4":0,"5":0,"6":0,"7":0,"8":0,"9":0,"10":0,"11":0,"12":0,"13":0,"14":0},"b":{"0":[0,0],"1":[0,0],"2":[0,0],"3":[0,0],"4":[0,0],"5":[0,0]}}
,"C:\\Users\\Samuel\\Pictures\\ABP_4DSM\\frontend\\src\\screens\\index.tsx": {"path":"C:\\Users\\Samuel\\Pictures\\ABP_4DSM\\frontend\\src\\screens\\index.tsx","statementMap":{"0":{"start":{"line":4,"column":2},"end":{"line":4,"column":22}}},"fnMap":{"0":{"name":"Index","decl":{"start":{"line":3,"column":24},"end":{"line":3,"column":29}},"loc":{"start":{"line":3,"column":32},"end":{"line":5,"column":1}},"line":3}},"branchMap":{},"s":{"0":0},"f":{"0":0},"b":{}}
,"C:\\Users\\Samuel\\Pictures\\ABP_4DSM\\frontend\\src\\service\\authService.ts": {"path":"C:\\Users\\Samuel\\Pictures\\ABP_4DSM\\frontend\\src\\service\\authService.ts","statementMap":{"0":{"start":{"line":6,"column":17},"end":{"line":6,"column":42}},"1":{"start":{"line":9,"column":18},"end":{"line":21,"column":1}},"2":{"start":{"line":10,"column":2},"end":{"line":20,"column":3}},"3":{"start":{"line":11,"column":20},"end":{"line":11,"column":39}},"4":{"start":{"line":12,"column":27},"end":{"line":12,"column":52}},"5":{"start":{"line":13,"column":4},"end":{"line":16,"column":6}},"6":{"start":{"line":18,"column":4},"end":{"line":18,"column":57}},"7":{"start":{"line":19,"column":4},"end":{"line":19,"column":16}},"8":{"start":{"line":23,"column":26},"end":{"line":43,"column":1}},"9":{"start":{"line":24,"column":2},"end":{"line":42,"column":3}},"10":{"start":{"line":25,"column":20},"end":{"line":25,"column":36}},"11":{"start":{"line":26,"column":4},"end":{"line":28,"column":5}},"12":{"start":{"line":27,"column":6},"end":{"line":27,"column":91}},"13":{"start":{"line":29,"column":19},"end":{"line":29,"column":29}},"14":{"start":{"line":31,"column":21},"end":{"line":35,"column":6}},"15":{"start":{"line":36,"column":4},"end":{"line":36,"column":25}},"16":{"start":{"line":38,"column":4},"end":{"line":40,"column":5}},"17":{"start":{"line":39,"column":6},"end":{"line":39,"column":44}},"18":{"start":{"line":41,"column":4},"end":{"line":41,"column":16}},"19":{"start":{"line":45,"column":21},"end":{"line":56,"column":1}},"20":{"start":{"line":46,"column":2},"end":{"line":55,"column":3}},"21":{"start":{"line":47,"column":21},"end":{"line":50,"column":6}},"22":{"start":{"line":51,"column":4},"end":{"line":51,"column":64}},"23":{"start":{"line":52,"column":4},"end":{"line":52,"column":25}},"24":{"start":{"line":54,"column":4},"end":{"line":54,"column":16}},"25":{"start":{"line":58,"column":24},"end":{"line":77,"column":1}},"26":{"start":{"line":65,"column":2},"end":{"line":76,"column":3}},"27":{"start":{"line":66,"column":21},"end":{"line":72,"column":6}},"28":{"start":{"line":73,"column":4},"end":{"line":73,"column":25}},"29":{"start":{"line":75,"column":4},"end":{"line":75,"column":16}},"30":{"start":{"line":79,"column":36},"end":{"line":86,"column":1}},"31":{"start":{"line":80,"column":2},"end":{"line":85,"column":3}},"32":{"start":{"line":81,"column":21},"end":{"line":81,"column":84}},"33":{"start":{"line":82,"column":4},"end":{"line":82,"column":25}},"34":{"start":{"line":84,"column":4},"end":{"line":84,"column":16}},"35":{"start":{"line":88,"column":29},"end":{"line":99,"column":1}},"36":{"start":{"line":89,"column":2},"end":{"line":98,"column":3}},"37":{"start":{"line":90,"column":21},"end":{"line":94,"column":6}},"38":{"start":{"line":95,"column":4},"end":{"line":95,"column":25}},"39":{"start":{"line":97,"column":4},"end":{"line":97,"column":16}}},"fnMap":{"0":{"name":"(anonymous_0)","decl":{"start":{"line":9,"column":18},"end":{"line":9,"column":19}},"loc":{"start":{"line":9,"column":75},"end":{"line":21,"column":1}},"line":9},"1":{"name":"(anonymous_1)","decl":{"start":{"line":23,"column":26},"end":{"line":23,"column":27}},"loc":{"start":{"line":23,"column":51},"end":{"line":43,"column":1}},"line":23},"2":{"name":"(anonymous_2)","decl":{"start":{"line":45,"column":21},"end":{"line":45,"column":22}},"loc":{"start":{"line":45,"column":64},"end":{"line":56,"column":1}},"line":45},"3":{"name":"(anonymous_3)","decl":{"start":{"line":58,"column":24},"end":{"line":58,"column":25}},"loc":{"start":{"line":64,"column":5},"end":{"line":77,"column":1}},"line":64},"4":{"name":"(anonymous_4)","decl":{"start":{"line":79,"column":36},"end":{"line":79,"column":37}},"loc":{"start":{"line":79,"column":61},"end":{"line":86,"column":1}},"line":79},"5":{"name":"(anonymous_5)","decl":{"start":{"line":88,"column":29},"end":{"line":88,"column":30}},"loc":{"start":{"line":88,"column":89},"end":{"line":99,"column":1}},"line":88}},"branchMap":{"0":{"loc":{"start":{"line":26,"column":4},"end":{"line":28,"column":5}},"type":"if","locations":[{"start":{"line":26,"column":4},"end":{"line":28,"column":5}},{"start":{},"end":{}}],"line":26},"1":{"loc":{"start":{"line":26,"column":8},"end":{"line":26,"column":31}},"type":"binary-expr","locations":[{"start":{"line":26,"column":8},"end":{"line":26,"column":16}},{"start":{"line":26,"column":20},"end":{"line":26,"column":31}}],"line":26},"2":{"loc":{"start":{"line":38,"column":4},"end":{"line":40,"column":5}},"type":"if","locations":[{"start":{"line":38,"column":4},"end":{"line":40,"column":5}},{"start":{},"end":{}}],"line":38}},"s":{"0":0,"1":0,"2":0,"3":0,"4":0,"5":0,"6":0,"7":0,"8":0,"9":0,"10":0,"11":0,"12":0,"13":0,"14":0,"15":0,"16":0,"17":0,"18":0,"19":0,"20":0,"21":0,"22":0,"23":0,"24":0,"25":0,"26":0,"27":0,"28":0,"29":0,"30":0,"31":0,"32":0,"33":0,"34":0,"35":0,"36":0,"37":0,"38":0,"39":0},"f":{"0":0,"1":0,"2":0,"3":0,"4":0,"5":0},"b":{"0":[0,0],"1":[0,0],"2":[0,0]}}
,"C:\\Users\\Samuel\\Pictures\\ABP_4DSM\\frontend\\src\\service\\deviceService.ts": {"path":"C:\\Users\\Samuel\\Pictures\\ABP_4DSM\\frontend\\src\\service\\deviceService.ts","statementMap":{"0":{"start":{"line":8,"column":17},"end":{"line":8,"column":42}},"1":{"start":{"line":56,"column":16},"end":{"line":56,"column":32}},"2":{"start":{"line":57,"column":2},"end":{"line":57,"column":54}},"3":{"start":{"line":57,"column":14},"end":{"line":57,"column":54}},"4":{"start":{"line":58,"column":14},"end":{"line":60,"column":4}},"5":{"start":{"line":61,"column":2},"end":{"line":61,"column":18}},"6":{"start":{"line":66,"column":15},"end":{"line":68,"column":3}},"7":{"start":{"line":69,"column":2},"end":{"line":74,"column":6}},"8":{"start":{"line":69,"column":27},"end":{"line":74,"column":3}},"9":{"start":{"line":79,"column":2},"end":{"line":119,"column":3}},"10":{"start":{"line":81,"column":20},"end":{"line":83,"column":5}},"11":{"start":{"line":86,"column":16},"end":{"line":92,"column":5}},"12":{"start":{"line":95,"column":19},"end":{"line":97,"column":5}},"13":{"start":{"line":96,"column":28},"end":{"line":96,"column":91}},"14":{"start":{"line":100,"column":4},"end":{"line":115,"column":7}},"15":{"start":{"line":101,"column":17},"end":{"line":101,"column":41}},"16":{"start":{"line":102,"column":17},"end":{"line":102,"column":31}},"17":{"start":{"line":103,"column":6},"end":{"line":114,"column":8}},"18":{"start":{"line":117,"column":4},"end":{"line":117,"column":71}},"19":{"start":{"line":118,"column":4},"end":{"line":118,"column":63}},"20":{"start":{"line":127,"column":2},"end":{"line":154,"column":3}},"21":{"start":{"line":128,"column":17},"end":{"line":138,"column":50}},"22":{"start":{"line":140,"column":4},"end":{"line":150,"column":6}},"23":{"start":{"line":142,"column":41},"end":{"line":149,"column":7}},"24":{"start":{"line":152,"column":4},"end":{"line":152,"column":67}},"25":{"start":{"line":153,"column":4},"end":{"line":153,"column":48}},"26":{"start":{"line":159,"column":2},"end":{"line":161,"column":4}},"27":{"start":{"line":169,"column":14},"end":{"line":171,"column":4}},"28":{"start":{"line":172,"column":2},"end":{"line":172,"column":41}},"29":{"start":{"line":180,"column":14},"end":{"line":182,"column":4}},"30":{"start":{"line":183,"column":2},"end":{"line":183,"column":43}},"31":{"start":{"line":191,"column":14},"end":{"line":193,"column":4}},"32":{"start":{"line":194,"column":2},"end":{"line":194,"column":45}},"33":{"start":{"line":203,"column":17},"end":{"line":203,"column":38}},"34":{"start":{"line":204,"column":2},"end":{"line":204,"column":55}},"35":{"start":{"line":204,"column":17},"end":{"line":204,"column":55}},"36":{"start":{"line":205,"column":2},"end":{"line":205,"column":74}},"37":{"start":{"line":205,"column":26},"end":{"line":205,"column":74}},"38":{"start":{"line":206,"column":14},"end":{"line":208,"column":4}},"39":{"start":{"line":209,"column":2},"end":{"line":209,"column":42}}},"fnMap":{"0":{"name":"authorizedGet","decl":{"start":{"line":55,"column":15},"end":{"line":55,"column":28}},"loc":{"start":{"line":55,"column":57},"end":{"line":62,"column":1}},"line":55},"1":{"name":"fetchDerivadores","decl":{"start":{"line":65,"column":22},"end":{"line":65,"column":38}},"loc":{"start":{"line":65,"column":63},"end":{"line":75,"column":1}},"line":65},"2":{"name":"(anonymous_2)","decl":{"start":{"line":69,"column":18},"end":{"line":69,"column":19}},"loc":{"start":{"line":69,"column":27},"end":{"line":74,"column":3}},"line":69},"3":{"name":"fetchDeviceHistory","decl":{"start":{"line":78,"column":22},"end":{"line":78,"column":40}},"loc":{"start":{"line":78,"column":81},"end":{"line":120,"column":1}},"line":78},"4":{"name":"(anonymous_4)","decl":{"start":{"line":96,"column":23},"end":{"line":96,"column":24}},"loc":{"start":{"line":96,"column":28},"end":{"line":96,"column":91}},"line":96},"5":{"name":"(anonymous_5)","decl":{"start":{"line":100,"column":23},"end":{"line":100,"column":24}},"loc":{"start":{"line":100,"column":31},"end":{"line":115,"column":5}},"line":100},"6":{"name":"fetchDeviceMovement","decl":{"start":{"line":123,"column":22},"end":{"line":123,"column":41}},"loc":{"start":{"line":126,"column":3},"end":{"line":155,"column":1}},"line":126},"7":{"name":"(anonymous_7)","decl":{"start":{"line":142,"column":34},"end":{"line":142,"column":35}},"loc":{"start":{"line":142,"column":41},"end":{"line":149,"column":7}},"line":142},"8":{"name":"fetchDeviceQuantities","decl":{"start":{"line":158,"column":22},"end":{"line":158,"column":43}},"loc":{"start":{"line":158,"column":73},"end":{"line":162,"column":1}},"line":158},"9":{"name":"fetchDeviceHistoryForReport","decl":{"start":{"line":165,"column":22},"end":{"line":165,"column":49}},"loc":{"start":{"line":168,"column":24},"end":{"line":173,"column":1}},"line":168},"10":{"name":"fetchDeviceRoutes","decl":{"start":{"line":176,"column":22},"end":{"line":176,"column":39}},"loc":{"start":{"line":179,"column":26},"end":{"line":184,"column":1}},"line":179},"11":{"name":"fetchActivitySummary","decl":{"start":{"line":187,"column":22},"end":{"line":187,"column":42}},"loc":{"start":{"line":190,"column":28},"end":{"line":195,"column":1}},"line":190},"12":{"name":"fetchDeviceRoute","decl":{"start":{"line":198,"column":22},"end":{"line":198,"column":38}},"loc":{"start":{"line":202,"column":25},"end":{"line":210,"column":1}},"line":202}},"branchMap":{"0":{"loc":{"start":{"line":57,"column":2},"end":{"line":57,"column":54}},"type":"if","locations":[{"start":{"line":57,"column":2},"end":{"line":57,"column":54}},{"start":{},"end":{}}],"line":57},"1":{"loc":{"start":{"line":105,"column":18},"end":{"line":105,"column":36}},"type":"binary-expr","locations":[{"start":{"line":105,"column":18},"end":{"line":105,"column":31}},{"start":{"line":105,"column":35},"end":{"line":105,"column":36}}],"line":105},"2":{"loc":{"start":{"line":106,"column":19},"end":{"line":106,"column":38}},"type":"binary-expr","locations":[{"start":{"line":106,"column":19},"end":{"line":106,"column":33}},{"start":{"line":106,"column":37},"end":{"line":106,"column":38}}],"line":106},"3":{"loc":{"start":{"line":109,"column":15},"end":{"line":109,"column":49}},"type":"cond-expr","locations":[{"start":{"line":109,"column":20},"end":{"line":109,"column":31}},{"start":{"line":109,"column":34},"end":{"line":109,"column":49}}],"line":109},"4":{"loc":{"start":{"line":109,"column":34},"end":{"line":109,"column":49}},"type":"binary-expr","locations":[{"start":{"line":109,"column":34},"end":{"line":109,"column":44}},{"start":{"line":109,"column":48},"end":{"line":109,"column":49}}],"line":109},"5":{"loc":{"start":{"line":110,"column":18},"end":{"line":110,"column":39}},"type":"cond-expr","locations":[{"start":{"line":110,"column":23},"end":{"line":110,"column":35}},{"start":{"line":110,"column":38},"end":{"line":110,"column":39}}],"line":110},"6":{"loc":{"start":{"line":170,"column":4},"end":{"line":170,"column":46}},"type":"cond-expr","locations":[{"start":{"line":170,"column":16},"end":{"line":170,"column":41}},{"start":{"line":170,"column":44},"end":{"line":170,"column":46}}],"line":170},"7":{"loc":{"start":{"line":181,"column":4},"end":{"line":181,"column":46}},"type":"cond-expr","locations":[{"start":{"line":181,"column":16},"end":{"line":181,"column":41}},{"start":{"line":181,"column":44},"end":{"line":181,"column":46}}],"line":181},"8":{"loc":{"start":{"line":192,"column":4},"end":{"line":192,"column":46}},"type":"cond-expr","locations":[{"start":{"line":192,"column":16},"end":{"line":192,"column":41}},{"start":{"line":192,"column":44},"end":{"line":192,"column":46}}],"line":192},"9":{"loc":{"start":{"line":204,"column":2},"end":{"line":204,"column":55}},"type":"if","locations":[{"start":{"line":204,"column":2},"end":{"line":204,"column":55}},{"start":{},"end":{}}],"line":204},"10":{"loc":{"start":{"line":205,"column":2},"end":{"line":205,"column":74}},"type":"if","locations":[{"start":{"line":205,"column":2},"end":{"line":205,"column":74}},{"start":{},"end":{}}],"line":205},"11":{"loc":{"start":{"line":207,"column":4},"end":{"line":207,"column":52}},"type":"cond-expr","locations":[{"start":{"line":207,"column":24},"end":{"line":207,"column":47}},{"start":{"line":207,"column":50},"end":{"line":207,"column":52}}],"line":207}},"s":{"0":0,"1":0,"2":0,"3":0,"4":0,"5":0,"6":0,"7":0,"8":0,"9":0,"10":0,"11":0,"12":0,"13":0,"14":0,"15":0,"16":0,"17":0,"18":0,"19":0,"20":0,"21":0,"22":0,"23":0,"24":0,"25":0,"26":0,"27":0,"28":0,"29":0,"30":0,"31":0,"32":0,"33":0,"34":0,"35":0,"36":0,"37":0,"38":0,"39":0},"f":{"0":0,"1":0,"2":0,"3":0,"4":0,"5":0,"6":0,"7":0,"8":0,"9":0,"10":0,"11":0,"12":0},"b":{"0":[0,0],"1":[0,0],"2":[0,0],"3":[0,0],"4":[0,0],"5":[0,0],"6":[0,0],"7":[0,0],"8":[0,0],"9":[0,0],"10":[0,0],"11":[0,0]}}
,"C:\\Users\\Samuel\\Pictures\\ABP_4DSM\\frontend\\src\\service\\getToken.ts": {"path":"C:\\Users\\Samuel\\Pictures\\ABP_4DSM\\frontend\\src\\service\\getToken.ts","statementMap":{"0":{"start":{"line":4,"column":24},"end":{"line":15,"column":1}},"1":{"start":{"line":5,"column":2},"end":{"line":14,"column":3}},"2":{"start":{"line":6,"column":4},"end":{"line":10,"column":5}},"3":{"start":{"line":7,"column":6},"end":{"line":7,"column":54}},"4":{"start":{"line":9,"column":6},"end":{"line":9,"column":53}},"5":{"start":{"line":12,"column":4},"end":{"line":12,"column":52}},"6":{"start":{"line":13,"column":4},"end":{"line":13,"column":16}}},"fnMap":{"0":{"name":"(anonymous_0)","decl":{"start":{"line":4,"column":24},"end":{"line":4,"column":25}},"loc":{"start":{"line":4,"column":60},"end":{"line":15,"column":1}},"line":4}},"branchMap":{"0":{"loc":{"start":{"line":6,"column":4},"end":{"line":10,"column":5}},"type":"if","locations":[{"start":{"line":6,"column":4},"end":{"line":10,"column":5}},{"start":{"line":8,"column":11},"end":{"line":10,"column":5}}],"line":6}},"s":{"0":0,"1":0,"2":0,"3":0,"4":0,"5":0,"6":0},"f":{"0":0},"b":{"0":[0,0]}}
,"C:\\Users\\Samuel\\Pictures\\ABP_4DSM\\frontend\\src\\types\\images.d.ts": {"path":"C:\\Users\\Samuel\\Pictures\\ABP_4DSM\\frontend\\src\\types\\images.d.ts","statementMap":{},"fnMap":{},"branchMap":{},"s":{},"f":{},"b":{}}
,"C:\\Users\\Samuel\\Pictures\\ABP_4DSM\\frontend\\src\\types\\leaflet.d.ts": {"path":"C:\\Users\\Samuel\\Pictures\\ABP_4DSM\\frontend\\src\\types\\leaflet.d.ts","statementMap":{},"fnMap":{},"branchMap":{},"s":{},"f":{},"b":{}}
,"C:\\Users\\Samuel\\Pictures\\ABP_4DSM\\frontend\\src\\types\\types.ts": {"path":"C:\\Users\\Samuel\\Pictures\\ABP_4DSM\\frontend\\src\\types\\types.ts","statementMap":{},"fnMap":{},"branchMap":{},"s":{},"f":{},"b":{}}
}
